{"C:\\Users\\alqah\\CascadeProjects\\city-lifestyle-app\\backend\\src\\app.js": {"path":"C:\\Users\\alqah\\CascadeProjects\\city-lifestyle-app\\backend\\src\\app.js","statementMap":{"0":{"start":{"line":1,"column":16},"end":{"line":1,"column":34}},"1":{"start":{"line":2,"column":13},"end":{"line":2,"column":28}},"2":{"start":{"line":3,"column":17},"end":{"line":3,"column":36}},"3":{"start":{"line":4,"column":15},"end":{"line":4,"column":32}},"4":{"start":{"line":5,"column":15},"end":{"line":5,"column":32}},"5":{"start":{"line":6,"column":39},"end":{"line":6,"column":73}},"6":{"start":{"line":7,"column":19},"end":{"line":7,"column":49}},"7":{"start":{"line":8,"column":20},"end":{"line":8,"column":51}},"8":{"start":{"line":9,"column":21},"end":{"line":9,"column":53}},"9":{"start":{"line":11,"column":0},"end":{"line":11,"column":16}},"10":{"start":{"line":13,"column":12},"end":{"line":13,"column":21}},"11":{"start":{"line":16,"column":0},"end":{"line":16,"column":18}},"12":{"start":{"line":17,"column":0},"end":{"line":17,"column":16}},"13":{"start":{"line":18,"column":0},"end":{"line":18,"column":24}},"14":{"start":{"line":19,"column":0},"end":{"line":19,"column":23}},"15":{"start":{"line":22,"column":0},"end":{"line":22,"column":30}},"16":{"start":{"line":25,"column":0},"end":{"line":32,"column":1}},"17":{"start":{"line":26,"column":2},"end":{"line":31,"column":67}},"18":{"start":{"line":30,"column":14},"end":{"line":30,"column":49}},"19":{"start":{"line":31,"column":18},"end":{"line":31,"column":65}},"20":{"start":{"line":35,"column":0},"end":{"line":35,"column":33}},"21":{"start":{"line":36,"column":0},"end":{"line":36,"column":36}},"22":{"start":{"line":37,"column":0},"end":{"line":37,"column":38}},"23":{"start":{"line":40,"column":0},"end":{"line":40,"column":21}},"24":{"start":{"line":41,"column":0},"end":{"line":44,"column":3}},"25":{"start":{"line":42,"column":2},"end":{"line":42,"column":27}},"26":{"start":{"line":43,"column":2},"end":{"line":43,"column":59}},"27":{"start":{"line":46,"column":0},"end":{"line":46,"column":21}}},"fnMap":{"0":{"name":"(anonymous_0)","decl":{"start":{"line":30,"column":8},"end":{"line":30,"column":9}},"loc":{"start":{"line":30,"column":14},"end":{"line":30,"column":49}},"line":30},"1":{"name":"(anonymous_1)","decl":{"start":{"line":31,"column":9},"end":{"line":31,"column":10}},"loc":{"start":{"line":31,"column":18},"end":{"line":31,"column":65}},"line":31},"2":{"name":"(anonymous_2)","decl":{"start":{"line":41,"column":8},"end":{"line":41,"column":9}},"loc":{"start":{"line":41,"column":33},"end":{"line":44,"column":1}},"line":41}},"branchMap":{"0":{"loc":{"start":{"line":25,"column":0},"end":{"line":32,"column":1}},"type":"if","locations":[{"start":{"line":25,"column":0},"end":{"line":32,"column":1}},{"start":{},"end":{}}],"line":25}},"s":{"0":3,"1":3,"2":3,"3":3,"4":3,"5":3,"6":3,"7":3,"8":3,"9":3,"10":3,"11":3,"12":3,"13":3,"14":3,"15":3,"16":3,"17":0,"18":0,"19":0,"20":3,"21":3,"22":3,"23":3,"24":3,"25":0,"26":0,"27":3},"f":{"0":0,"1":0,"2":0},"b":{"0":[0,3]},"_coverageSchema":"1a1c01bbd47fc00a2c39e90264f33305004495a9","hash":"57b5018dcc22cc2dc952fa0f13b01ad92d4e89eb"}
,"C:\\Users\\alqah\\CascadeProjects\\city-lifestyle-app\\backend\\src\\controllers\\authController.js": {"path":"C:\\Users\\alqah\\CascadeProjects\\city-lifestyle-app\\backend\\src\\controllers\\authController.js","statementMap":{"0":{"start":{"line":1,"column":12},"end":{"line":1,"column":35}},"1":{"start":{"line":2,"column":13},"end":{"line":2,"column":38}},"2":{"start":{"line":5,"column":22},"end":{"line":9,"column":1}},"3":{"start":{"line":6,"column":2},"end":{"line":8,"column":5}},"4":{"start":{"line":12,"column":17},"end":{"line":56,"column":1}},"5":{"start":{"line":13,"column":2},"end":{"line":55,"column":3}},"6":{"start":{"line":14,"column":38},"end":{"line":14,"column":46}},"7":{"start":{"line":16,"column":4},"end":{"line":18,"column":5}},"8":{"start":{"line":17,"column":6},"end":{"line":17,"column":72}},"9":{"start":{"line":21,"column":23},"end":{"line":21,"column":52}},"10":{"start":{"line":22,"column":4},"end":{"line":24,"column":5}},"11":{"start":{"line":23,"column":6},"end":{"line":23,"column":68}},"12":{"start":{"line":27,"column":17},"end":{"line":41,"column":6}},"13":{"start":{"line":44,"column":18},"end":{"line":44,"column":41}},"14":{"start":{"line":46,"column":4},"end":{"line":49,"column":7}},"15":{"start":{"line":51,"column":4},"end":{"line":53,"column":5}},"16":{"start":{"line":52,"column":6},"end":{"line":52,"column":60}},"17":{"start":{"line":54,"column":4},"end":{"line":54,"column":52}},"18":{"start":{"line":59,"column":14},"end":{"line":89,"column":1}},"19":{"start":{"line":60,"column":2},"end":{"line":88,"column":3}},"20":{"start":{"line":61,"column":32},"end":{"line":61,"column":40}},"21":{"start":{"line":63,"column":4},"end":{"line":65,"column":5}},"22":{"start":{"line":64,"column":6},"end":{"line":64,"column":80}},"23":{"start":{"line":68,"column":17},"end":{"line":68,"column":46}},"24":{"start":{"line":69,"column":4},"end":{"line":71,"column":5}},"25":{"start":{"line":70,"column":6},"end":{"line":70,"column":68}},"26":{"start":{"line":74,"column":20},"end":{"line":74,"column":56}},"27":{"start":{"line":75,"column":4},"end":{"line":77,"column":5}},"28":{"start":{"line":76,"column":6},"end":{"line":76,"column":68}},"29":{"start":{"line":80,"column":18},"end":{"line":80,"column":41}},"30":{"start":{"line":82,"column":4},"end":{"line":85,"column":7}},"31":{"start":{"line":87,"column":4},"end":{"line":87,"column":52}},"32":{"start":{"line":92,"column":19},"end":{"line":101,"column":1}},"33":{"start":{"line":93,"column":2},"end":{"line":100,"column":3}},"34":{"start":{"line":94,"column":4},"end":{"line":96,"column":5}},"35":{"start":{"line":95,"column":6},"end":{"line":95,"column":69}},"36":{"start":{"line":97,"column":4},"end":{"line":97,"column":32}},"37":{"start":{"line":99,"column":4},"end":{"line":99,"column":52}},"38":{"start":{"line":104,"column":22},"end":{"line":127,"column":1}},"39":{"start":{"line":105,"column":18},"end":{"line":105,"column":39}},"40":{"start":{"line":106,"column":25},"end":{"line":106,"column":64}},"41":{"start":{"line":107,"column":27},"end":{"line":107,"column":83}},"42":{"start":{"line":107,"column":51},"end":{"line":107,"column":82}},"43":{"start":{"line":109,"column":2},"end":{"line":111,"column":3}},"44":{"start":{"line":110,"column":4},"end":{"line":110,"column":62}},"45":{"start":{"line":113,"column":2},"end":{"line":126,"column":3}},"46":{"start":{"line":114,"column":4},"end":{"line":116,"column":5}},"47":{"start":{"line":115,"column":6},"end":{"line":115,"column":69}},"48":{"start":{"line":118,"column":4},"end":{"line":118,"column":67}},"49":{"start":{"line":118,"column":30},"end":{"line":118,"column":65}},"50":{"start":{"line":119,"column":4},"end":{"line":119,"column":26}},"51":{"start":{"line":120,"column":4},"end":{"line":120,"column":32}},"52":{"start":{"line":122,"column":4},"end":{"line":124,"column":5}},"53":{"start":{"line":123,"column":6},"end":{"line":123,"column":60}},"54":{"start":{"line":125,"column":4},"end":{"line":125,"column":52}},"55":{"start":{"line":129,"column":0},"end":{"line":134,"column":2}}},"fnMap":{"0":{"name":"(anonymous_0)","decl":{"start":{"line":5,"column":22},"end":{"line":5,"column":23}},"loc":{"start":{"line":5,"column":34},"end":{"line":9,"column":1}},"line":5},"1":{"name":"(anonymous_1)","decl":{"start":{"line":12,"column":17},"end":{"line":12,"column":18}},"loc":{"start":{"line":12,"column":37},"end":{"line":56,"column":1}},"line":12},"2":{"name":"(anonymous_2)","decl":{"start":{"line":59,"column":14},"end":{"line":59,"column":15}},"loc":{"start":{"line":59,"column":34},"end":{"line":89,"column":1}},"line":59},"3":{"name":"(anonymous_3)","decl":{"start":{"line":92,"column":19},"end":{"line":92,"column":20}},"loc":{"start":{"line":92,"column":39},"end":{"line":101,"column":1}},"line":92},"4":{"name":"(anonymous_4)","decl":{"start":{"line":104,"column":22},"end":{"line":104,"column":23}},"loc":{"start":{"line":104,"column":42},"end":{"line":127,"column":1}},"line":104},"5":{"name":"(anonymous_5)","decl":{"start":{"line":107,"column":41},"end":{"line":107,"column":42}},"loc":{"start":{"line":107,"column":51},"end":{"line":107,"column":82}},"line":107},"6":{"name":"(anonymous_6)","decl":{"start":{"line":118,"column":20},"end":{"line":118,"column":21}},"loc":{"start":{"line":118,"column":30},"end":{"line":118,"column":65}},"line":118}},"branchMap":{"0":{"loc":{"start":{"line":16,"column":4},"end":{"line":18,"column":5}},"type":"if","locations":[{"start":{"line":16,"column":4},"end":{"line":18,"column":5}},{"start":{},"end":{}}],"line":16},"1":{"loc":{"start":{"line":16,"column":8},"end":{"line":16,"column":36}},"type":"binary-expr","locations":[{"start":{"line":16,"column":8},"end":{"line":16,"column":14}},{"start":{"line":16,"column":18},"end":{"line":16,"column":27}},{"start":{"line":16,"column":31},"end":{"line":16,"column":36}}],"line":16},"2":{"loc":{"start":{"line":22,"column":4},"end":{"line":24,"column":5}},"type":"if","locations":[{"start":{"line":22,"column":4},"end":{"line":24,"column":5}},{"start":{},"end":{}}],"line":22},"3":{"loc":{"start":{"line":51,"column":4},"end":{"line":53,"column":5}},"type":"if","locations":[{"start":{"line":51,"column":4},"end":{"line":53,"column":5}},{"start":{},"end":{}}],"line":51},"4":{"loc":{"start":{"line":63,"column":4},"end":{"line":65,"column":5}},"type":"if","locations":[{"start":{"line":63,"column":4},"end":{"line":65,"column":5}},{"start":{},"end":{}}],"line":63},"5":{"loc":{"start":{"line":63,"column":8},"end":{"line":63,"column":27}},"type":"binary-expr","locations":[{"start":{"line":63,"column":8},"end":{"line":63,"column":14}},{"start":{"line":63,"column":18},"end":{"line":63,"column":27}}],"line":63},"6":{"loc":{"start":{"line":69,"column":4},"end":{"line":71,"column":5}},"type":"if","locations":[{"start":{"line":69,"column":4},"end":{"line":71,"column":5}},{"start":{},"end":{}}],"line":69},"7":{"loc":{"start":{"line":75,"column":4},"end":{"line":77,"column":5}},"type":"if","locations":[{"start":{"line":75,"column":4},"end":{"line":77,"column":5}},{"start":{},"end":{}}],"line":75},"8":{"loc":{"start":{"line":94,"column":4},"end":{"line":96,"column":5}},"type":"if","locations":[{"start":{"line":94,"column":4},"end":{"line":96,"column":5}},{"start":{},"end":{}}],"line":94},"9":{"loc":{"start":{"line":109,"column":2},"end":{"line":111,"column":3}},"type":"if","locations":[{"start":{"line":109,"column":2},"end":{"line":111,"column":3}},{"start":{},"end":{}}],"line":109},"10":{"loc":{"start":{"line":114,"column":4},"end":{"line":116,"column":5}},"type":"if","locations":[{"start":{"line":114,"column":4},"end":{"line":116,"column":5}},{"start":{},"end":{}}],"line":114},"11":{"loc":{"start":{"line":122,"column":4},"end":{"line":124,"column":5}},"type":"if","locations":[{"start":{"line":122,"column":4},"end":{"line":124,"column":5}},{"start":{},"end":{}}],"line":122}},"s":{"0":3,"1":3,"2":3,"3":2,"4":3,"5":2,"6":2,"7":2,"8":0,"9":2,"10":2,"11":1,"12":1,"13":1,"14":1,"15":0,"16":0,"17":0,"18":3,"19":3,"20":3,"21":3,"22":0,"23":3,"24":3,"25":1,"26":2,"27":2,"28":1,"29":1,"30":1,"31":0,"32":3,"33":1,"34":1,"35":0,"36":1,"37":0,"38":3,"39":2,"40":2,"41":2,"42":3,"43":2,"44":1,"45":1,"46":1,"47":0,"48":1,"49":2,"50":1,"51":1,"52":0,"53":0,"54":0,"55":3},"f":{"0":2,"1":2,"2":3,"3":1,"4":2,"5":3,"6":2},"b":{"0":[0,2],"1":[2,2,2],"2":[1,1],"3":[0,0],"4":[0,3],"5":[3,3],"6":[1,2],"7":[1,1],"8":[0,1],"9":[1,1],"10":[0,1],"11":[0,0]},"_coverageSchema":"1a1c01bbd47fc00a2c39e90264f33305004495a9","hash":"6c2ef50e02b7aef0c9c8f2f92ae3de51f095fe2c"}
,"C:\\Users\\alqah\\CascadeProjects\\city-lifestyle-app\\backend\\src\\controllers\\placeController.js": {"path":"C:\\Users\\alqah\\CascadeProjects\\city-lifestyle-app\\backend\\src\\controllers\\placeController.js","statementMap":{"0":{"start":{"line":1,"column":14},"end":{"line":1,"column":40}},"1":{"start":{"line":2,"column":13},"end":{"line":2,"column":38}},"2":{"start":{"line":3,"column":25},"end":{"line":3,"column":64}},"3":{"start":{"line":6,"column":18},"end":{"line":94,"column":1}},"4":{"start":{"line":7,"column":2},"end":{"line":93,"column":3}},"5":{"start":{"line":18,"column":8},"end":{"line":18,"column":17}},"6":{"start":{"line":20,"column":18},"end":{"line":20,"column":20}},"7":{"start":{"line":23,"column":4},"end":{"line":25,"column":5}},"8":{"start":{"line":24,"column":6},"end":{"line":24,"column":32}},"9":{"start":{"line":28,"column":4},"end":{"line":33,"column":5}},"10":{"start":{"line":29,"column":6},"end":{"line":32,"column":8}},"11":{"start":{"line":36,"column":4},"end":{"line":38,"column":5}},"12":{"start":{"line":37,"column":6},"end":{"line":37,"column":50}},"13":{"start":{"line":41,"column":4},"end":{"line":52,"column":5}},"14":{"start":{"line":42,"column":25},"end":{"line":42,"column":52}},"15":{"start":{"line":43,"column":6},"end":{"line":51,"column":8}},"16":{"start":{"line":55,"column":4},"end":{"line":63,"column":5}},"17":{"start":{"line":56,"column":18},"end":{"line":56,"column":28}},"18":{"start":{"line":57,"column":18},"end":{"line":57,"column":30}},"19":{"start":{"line":58,"column":19},"end":{"line":58,"column":49}},"20":{"start":{"line":60,"column":6},"end":{"line":60,"column":49}},"21":{"start":{"line":61,"column":6},"end":{"line":61,"column":57}},"22":{"start":{"line":62,"column":6},"end":{"line":62,"column":58}},"23":{"start":{"line":66,"column":20},"end":{"line":66,"column":22}},"24":{"start":{"line":67,"column":4},"end":{"line":73,"column":5}},"25":{"start":{"line":68,"column":6},"end":{"line":68,"column":26}},"26":{"start":{"line":69,"column":11},"end":{"line":73,"column":5}},"27":{"start":{"line":72,"column":6},"end":{"line":72,"column":29}},"28":{"start":{"line":75,"column":19},"end":{"line":79,"column":20}},"29":{"start":{"line":82,"column":4},"end":{"line":88,"column":5}},"30":{"start":{"line":83,"column":25},"end":{"line":83,"column":52}},"31":{"start":{"line":84,"column":6},"end":{"line":87,"column":9}},"32":{"start":{"line":85,"column":37},"end":{"line":85,"column":63}},"33":{"start":{"line":86,"column":8},"end":{"line":86,"column":78}},"34":{"start":{"line":90,"column":4},"end":{"line":90,"column":52}},"35":{"start":{"line":90,"column":33},"end":{"line":90,"column":49}},"36":{"start":{"line":92,"column":4},"end":{"line":92,"column":51}},"37":{"start":{"line":97,"column":17},"end":{"line":125,"column":1}},"38":{"start":{"line":98,"column":2},"end":{"line":124,"column":3}},"39":{"start":{"line":99,"column":4},"end":{"line":101,"column":5}},"40":{"start":{"line":100,"column":6},"end":{"line":100,"column":65}},"41":{"start":{"line":103,"column":18},"end":{"line":104,"column":43}},"42":{"start":{"line":106,"column":4},"end":{"line":108,"column":5}},"43":{"start":{"line":107,"column":6},"end":{"line":107,"column":64}},"44":{"start":{"line":111,"column":21},"end":{"line":111,"column":30}},"45":{"start":{"line":112,"column":4},"end":{"line":116,"column":5}},"46":{"start":{"line":113,"column":25},"end":{"line":113,"column":52}},"47":{"start":{"line":114,"column":35},"end":{"line":114,"column":61}},"48":{"start":{"line":115,"column":6},"end":{"line":115,"column":76}},"49":{"start":{"line":118,"column":4},"end":{"line":118,"column":31}},"50":{"start":{"line":120,"column":4},"end":{"line":122,"column":5}},"51":{"start":{"line":121,"column":6},"end":{"line":121,"column":65}},"52":{"start":{"line":123,"column":4},"end":{"line":123,"column":52}},"53":{"start":{"line":128,"column":20},"end":{"line":147,"column":1}},"54":{"start":{"line":129,"column":2},"end":{"line":146,"column":3}},"55":{"start":{"line":131,"column":4},"end":{"line":135,"column":5}},"56":{"start":{"line":132,"column":22},"end":{"line":132,"column":77}},"57":{"start":{"line":133,"column":6},"end":{"line":133,"column":46}},"58":{"start":{"line":134,"column":6},"end":{"line":134,"column":59}},"59":{"start":{"line":137,"column":18},"end":{"line":140,"column":6}},"60":{"start":{"line":142,"column":4},"end":{"line":142,"column":23}},"61":{"start":{"line":143,"column":4},"end":{"line":143,"column":43}},"62":{"start":{"line":145,"column":4},"end":{"line":145,"column":51}},"63":{"start":{"line":150,"column":20},"end":{"line":212,"column":1}},"64":{"start":{"line":151,"column":18},"end":{"line":151,"column":39}},"65":{"start":{"line":152,"column":25},"end":{"line":163,"column":3}},"66":{"start":{"line":165,"column":27},"end":{"line":167,"column":3}},"67":{"start":{"line":166,"column":4},"end":{"line":166,"column":35}},"68":{"start":{"line":169,"column":2},"end":{"line":171,"column":3}},"69":{"start":{"line":170,"column":4},"end":{"line":170,"column":62}},"70":{"start":{"line":173,"column":2},"end":{"line":211,"column":3}},"71":{"start":{"line":174,"column":4},"end":{"line":176,"column":5}},"72":{"start":{"line":175,"column":6},"end":{"line":175,"column":65}},"73":{"start":{"line":179,"column":4},"end":{"line":183,"column":5}},"74":{"start":{"line":180,"column":22},"end":{"line":180,"column":77}},"75":{"start":{"line":181,"column":6},"end":{"line":181,"column":46}},"76":{"start":{"line":182,"column":6},"end":{"line":182,"column":59}},"77":{"start":{"line":185,"column":18},"end":{"line":187,"column":6}},"78":{"start":{"line":189,"column":4},"end":{"line":191,"column":5}},"79":{"start":{"line":190,"column":6},"end":{"line":190,"column":64}},"80":{"start":{"line":193,"column":4},"end":{"line":195,"column":5}},"81":{"start":{"line":194,"column":6},"end":{"line":194,"column":84}},"82":{"start":{"line":197,"column":4},"end":{"line":199,"column":7}},"83":{"start":{"line":198,"column":6},"end":{"line":198,"column":39}},"84":{"start":{"line":201,"column":4},"end":{"line":201,"column":23}},"85":{"start":{"line":202,"column":4},"end":{"line":202,"column":31}},"86":{"start":{"line":204,"column":4},"end":{"line":206,"column":5}},"87":{"start":{"line":205,"column":6},"end":{"line":205,"column":65}},"88":{"start":{"line":207,"column":4},"end":{"line":209,"column":5}},"89":{"start":{"line":208,"column":6},"end":{"line":208,"column":60}},"90":{"start":{"line":210,"column":4},"end":{"line":210,"column":52}},"91":{"start":{"line":215,"column":20},"end":{"line":234,"column":1}},"92":{"start":{"line":216,"column":2},"end":{"line":233,"column":3}},"93":{"start":{"line":217,"column":18},"end":{"line":219,"column":6}},"94":{"start":{"line":221,"column":4},"end":{"line":223,"column":5}},"95":{"start":{"line":222,"column":6},"end":{"line":222,"column":64}},"96":{"start":{"line":225,"column":4},"end":{"line":227,"column":5}},"97":{"start":{"line":226,"column":6},"end":{"line":226,"column":84}},"98":{"start":{"line":229,"column":4},"end":{"line":229,"column":45}},"99":{"start":{"line":230,"column":4},"end":{"line":230,"column":31}},"100":{"start":{"line":232,"column":4},"end":{"line":232,"column":51}},"101":{"start":{"line":237,"column":23},"end":{"line":258,"column":1}},"102":{"start":{"line":238,"column":2},"end":{"line":257,"column":3}},"103":{"start":{"line":239,"column":18},"end":{"line":239,"column":53}},"104":{"start":{"line":241,"column":4},"end":{"line":243,"column":5}},"105":{"start":{"line":242,"column":6},"end":{"line":242,"column":64}},"106":{"start":{"line":245,"column":17},"end":{"line":245,"column":50}},"107":{"start":{"line":246,"column":23},"end":{"line":246,"column":62}},"108":{"start":{"line":248,"column":4},"end":{"line":254,"column":5}},"109":{"start":{"line":249,"column":6},"end":{"line":249,"column":48}},"110":{"start":{"line":250,"column":6},"end":{"line":250,"column":38}},"111":{"start":{"line":252,"column":6},"end":{"line":252,"column":43}},"112":{"start":{"line":253,"column":6},"end":{"line":253,"column":37}},"113":{"start":{"line":256,"column":4},"end":{"line":256,"column":51}},"114":{"start":{"line":261,"column":21},"end":{"line":269,"column":1}},"115":{"start":{"line":262,"column":2},"end":{"line":268,"column":3}},"116":{"start":{"line":263,"column":39},"end":{"line":263,"column":48}},"117":{"start":{"line":264,"column":19},"end":{"line":264,"column":78}},"118":{"start":{"line":265,"column":4},"end":{"line":265,"column":21}},"119":{"start":{"line":267,"column":4},"end":{"line":267,"column":51}},"120":{"start":{"line":272,"column":26},"end":{"line":284,"column":1}},"121":{"start":{"line":273,"column":12},"end":{"line":273,"column":16}},"122":{"start":{"line":274,"column":15},"end":{"line":274,"column":33}},"123":{"start":{"line":275,"column":15},"end":{"line":275,"column":33}},"124":{"start":{"line":277,"column":4},"end":{"line":281,"column":24}},"125":{"start":{"line":282,"column":12},"end":{"line":282,"column":58}},"126":{"start":{"line":283,"column":2},"end":{"line":283,"column":15}},"127":{"start":{"line":286,"column":14},"end":{"line":288,"column":1}},"128":{"start":{"line":287,"column":2},"end":{"line":287,"column":33}},"129":{"start":{"line":290,"column":0},"end":{"line":298,"column":2}}},"fnMap":{"0":{"name":"(anonymous_0)","decl":{"start":{"line":6,"column":18},"end":{"line":6,"column":19}},"loc":{"start":{"line":6,"column":38},"end":{"line":94,"column":1}},"line":6},"1":{"name":"(anonymous_1)","decl":{"start":{"line":84,"column":21},"end":{"line":84,"column":22}},"loc":{"start":{"line":84,"column":30},"end":{"line":87,"column":7}},"line":84},"2":{"name":"(anonymous_2)","decl":{"start":{"line":90,"column":24},"end":{"line":90,"column":25}},"loc":{"start":{"line":90,"column":33},"end":{"line":90,"column":49}},"line":90},"3":{"name":"(anonymous_3)","decl":{"start":{"line":97,"column":17},"end":{"line":97,"column":18}},"loc":{"start":{"line":97,"column":37},"end":{"line":125,"column":1}},"line":97},"4":{"name":"(anonymous_4)","decl":{"start":{"line":128,"column":20},"end":{"line":128,"column":21}},"loc":{"start":{"line":128,"column":40},"end":{"line":147,"column":1}},"line":128},"5":{"name":"(anonymous_5)","decl":{"start":{"line":150,"column":20},"end":{"line":150,"column":21}},"loc":{"start":{"line":150,"column":40},"end":{"line":212,"column":1}},"line":150},"6":{"name":"(anonymous_6)","decl":{"start":{"line":165,"column":41},"end":{"line":165,"column":42}},"loc":{"start":{"line":166,"column":4},"end":{"line":166,"column":35}},"line":166},"7":{"name":"(anonymous_7)","decl":{"start":{"line":197,"column":20},"end":{"line":197,"column":21}},"loc":{"start":{"line":197,"column":32},"end":{"line":199,"column":5}},"line":197},"8":{"name":"(anonymous_8)","decl":{"start":{"line":215,"column":20},"end":{"line":215,"column":21}},"loc":{"start":{"line":215,"column":40},"end":{"line":234,"column":1}},"line":215},"9":{"name":"(anonymous_9)","decl":{"start":{"line":237,"column":23},"end":{"line":237,"column":24}},"loc":{"start":{"line":237,"column":43},"end":{"line":258,"column":1}},"line":237},"10":{"name":"(anonymous_10)","decl":{"start":{"line":261,"column":21},"end":{"line":261,"column":22}},"loc":{"start":{"line":261,"column":41},"end":{"line":269,"column":1}},"line":261},"11":{"name":"(anonymous_11)","decl":{"start":{"line":272,"column":26},"end":{"line":272,"column":27}},"loc":{"start":{"line":272,"column":54},"end":{"line":284,"column":1}},"line":272},"12":{"name":"(anonymous_12)","decl":{"start":{"line":286,"column":14},"end":{"line":286,"column":15}},"loc":{"start":{"line":286,"column":25},"end":{"line":288,"column":1}},"line":286}},"branchMap":{"0":{"loc":{"start":{"line":12,"column":6},"end":{"line":12,"column":19}},"type":"default-arg","locations":[{"start":{"line":12,"column":15},"end":{"line":12,"column":19}}],"line":12},"1":{"loc":{"start":{"line":15,"column":6},"end":{"line":15,"column":14}},"type":"default-arg","locations":[{"start":{"line":15,"column":13},"end":{"line":15,"column":14}}],"line":15},"2":{"loc":{"start":{"line":16,"column":6},"end":{"line":16,"column":16}},"type":"default-arg","locations":[{"start":{"line":16,"column":14},"end":{"line":16,"column":16}}],"line":16},"3":{"loc":{"start":{"line":17,"column":6},"end":{"line":17,"column":21}},"type":"default-arg","locations":[{"start":{"line":17,"column":13},"end":{"line":17,"column":21}}],"line":17},"4":{"loc":{"start":{"line":23,"column":4},"end":{"line":25,"column":5}},"type":"if","locations":[{"start":{"line":23,"column":4},"end":{"line":25,"column":5}},{"start":{},"end":{}}],"line":23},"5":{"loc":{"start":{"line":28,"column":4},"end":{"line":33,"column":5}},"type":"if","locations":[{"start":{"line":28,"column":4},"end":{"line":33,"column":5}},{"start":{},"end":{}}],"line":28},"6":{"loc":{"start":{"line":36,"column":4},"end":{"line":38,"column":5}},"type":"if","locations":[{"start":{"line":36,"column":4},"end":{"line":38,"column":5}},{"start":{},"end":{}}],"line":36},"7":{"loc":{"start":{"line":41,"column":4},"end":{"line":52,"column":5}},"type":"if","locations":[{"start":{"line":41,"column":4},"end":{"line":52,"column":5}},{"start":{},"end":{}}],"line":41},"8":{"loc":{"start":{"line":55,"column":4},"end":{"line":63,"column":5}},"type":"if","locations":[{"start":{"line":55,"column":4},"end":{"line":63,"column":5}},{"start":{},"end":{}}],"line":55},"9":{"loc":{"start":{"line":67,"column":4},"end":{"line":73,"column":5}},"type":"if","locations":[{"start":{"line":67,"column":4},"end":{"line":73,"column":5}},{"start":{"line":69,"column":11},"end":{"line":73,"column":5}}],"line":67},"10":{"loc":{"start":{"line":69,"column":11},"end":{"line":73,"column":5}},"type":"if","locations":[{"start":{"line":69,"column":11},"end":{"line":73,"column":5}},{"start":{"line":71,"column":11},"end":{"line":73,"column":5}}],"line":69},"11":{"loc":{"start":{"line":69,"column":15},"end":{"line":69,"column":42}},"type":"binary-expr","locations":[{"start":{"line":69,"column":15},"end":{"line":69,"column":34}},{"start":{"line":69,"column":38},"end":{"line":69,"column":42}}],"line":69},"12":{"loc":{"start":{"line":82,"column":4},"end":{"line":88,"column":5}},"type":"if","locations":[{"start":{"line":82,"column":4},"end":{"line":88,"column":5}},{"start":{},"end":{}}],"line":82},"13":{"loc":{"start":{"line":99,"column":4},"end":{"line":101,"column":5}},"type":"if","locations":[{"start":{"line":99,"column":4},"end":{"line":101,"column":5}},{"start":{},"end":{}}],"line":99},"14":{"loc":{"start":{"line":106,"column":4},"end":{"line":108,"column":5}},"type":"if","locations":[{"start":{"line":106,"column":4},"end":{"line":108,"column":5}},{"start":{},"end":{}}],"line":106},"15":{"loc":{"start":{"line":112,"column":4},"end":{"line":116,"column":5}},"type":"if","locations":[{"start":{"line":112,"column":4},"end":{"line":116,"column":5}},{"start":{},"end":{}}],"line":112},"16":{"loc":{"start":{"line":120,"column":4},"end":{"line":122,"column":5}},"type":"if","locations":[{"start":{"line":120,"column":4},"end":{"line":122,"column":5}},{"start":{},"end":{}}],"line":120},"17":{"loc":{"start":{"line":131,"column":4},"end":{"line":135,"column":5}},"type":"if","locations":[{"start":{"line":131,"column":4},"end":{"line":135,"column":5}},{"start":{},"end":{}}],"line":131},"18":{"loc":{"start":{"line":131,"column":8},"end":{"line":131,"column":46}},"type":"binary-expr","locations":[{"start":{"line":131,"column":8},"end":{"line":131,"column":24}},{"start":{"line":131,"column":28},"end":{"line":131,"column":46}}],"line":131},"19":{"loc":{"start":{"line":169,"column":2},"end":{"line":171,"column":3}},"type":"if","locations":[{"start":{"line":169,"column":2},"end":{"line":171,"column":3}},{"start":{},"end":{}}],"line":169},"20":{"loc":{"start":{"line":174,"column":4},"end":{"line":176,"column":5}},"type":"if","locations":[{"start":{"line":174,"column":4},"end":{"line":176,"column":5}},{"start":{},"end":{}}],"line":174},"21":{"loc":{"start":{"line":179,"column":4},"end":{"line":183,"column":5}},"type":"if","locations":[{"start":{"line":179,"column":4},"end":{"line":183,"column":5}},{"start":{},"end":{}}],"line":179},"22":{"loc":{"start":{"line":189,"column":4},"end":{"line":191,"column":5}},"type":"if","locations":[{"start":{"line":189,"column":4},"end":{"line":191,"column":5}},{"start":{},"end":{}}],"line":189},"23":{"loc":{"start":{"line":193,"column":4},"end":{"line":195,"column":5}},"type":"if","locations":[{"start":{"line":193,"column":4},"end":{"line":195,"column":5}},{"start":{},"end":{}}],"line":193},"24":{"loc":{"start":{"line":204,"column":4},"end":{"line":206,"column":5}},"type":"if","locations":[{"start":{"line":204,"column":4},"end":{"line":206,"column":5}},{"start":{},"end":{}}],"line":204},"25":{"loc":{"start":{"line":207,"column":4},"end":{"line":209,"column":5}},"type":"if","locations":[{"start":{"line":207,"column":4},"end":{"line":209,"column":5}},{"start":{},"end":{}}],"line":207},"26":{"loc":{"start":{"line":221,"column":4},"end":{"line":223,"column":5}},"type":"if","locations":[{"start":{"line":221,"column":4},"end":{"line":223,"column":5}},{"start":{},"end":{}}],"line":221},"27":{"loc":{"start":{"line":225,"column":4},"end":{"line":227,"column":5}},"type":"if","locations":[{"start":{"line":225,"column":4},"end":{"line":227,"column":5}},{"start":{},"end":{}}],"line":225},"28":{"loc":{"start":{"line":241,"column":4},"end":{"line":243,"column":5}},"type":"if","locations":[{"start":{"line":241,"column":4},"end":{"line":243,"column":5}},{"start":{},"end":{}}],"line":241},"29":{"loc":{"start":{"line":248,"column":4},"end":{"line":254,"column":5}},"type":"if","locations":[{"start":{"line":248,"column":4},"end":{"line":254,"column":5}},{"start":{"line":251,"column":11},"end":{"line":254,"column":5}}],"line":248}},"s":{"0":3,"1":3,"2":3,"3":3,"4":3,"5":3,"6":3,"7":3,"8":1,"9":3,"10":1,"11":3,"12":0,"13":3,"14":0,"15":0,"16":3,"17":0,"18":0,"19":0,"20":0,"21":0,"22":0,"23":3,"24":3,"25":3,"26":0,"27":0,"28":3,"29":3,"30":0,"31":0,"32":0,"33":0,"34":3,"35":3,"36":0,"37":3,"38":3,"39":3,"40":1,"41":2,"42":2,"43":1,"44":1,"45":1,"46":0,"47":0,"48":0,"49":1,"50":0,"51":0,"52":0,"53":3,"54":2,"55":2,"56":0,"57":0,"58":0,"59":2,"60":2,"61":1,"62":1,"63":3,"64":3,"65":3,"66":3,"67":15,"68":3,"69":0,"70":3,"71":3,"72":0,"73":3,"74":3,"75":3,"76":3,"77":3,"78":3,"79":1,"80":2,"81":1,"82":1,"83":5,"84":1,"85":1,"86":0,"87":0,"88":0,"89":0,"90":0,"91":3,"92":3,"93":3,"94":3,"95":1,"96":2,"97":1,"98":1,"99":1,"100":0,"101":3,"102":0,"103":0,"104":0,"105":0,"106":0,"107":0,"108":0,"109":0,"110":0,"111":0,"112":0,"113":0,"114":3,"115":0,"116":0,"117":0,"118":0,"119":0,"120":3,"121":0,"122":0,"123":0,"124":0,"125":0,"126":0,"127":3,"128":0,"129":3},"f":{"0":3,"1":0,"2":3,"3":3,"4":2,"5":3,"6":15,"7":5,"8":3,"9":0,"10":0,"11":0,"12":0},"b":{"0":[3],"1":[3],"2":[3],"3":[3],"4":[1,2],"5":[1,2],"6":[0,3],"7":[0,3],"8":[0,3],"9":[3,0],"10":[0,0],"11":[0,0],"12":[0,3],"13":[1,2],"14":[1,1],"15":[0,1],"16":[0,0],"17":[0,2],"18":[2,2],"19":[0,3],"20":[0,3],"21":[3,0],"22":[1,2],"23":[1,1],"24":[0,0],"25":[0,0],"26":[1,2],"27":[1,1],"28":[0,0],"29":[0,0]},"_coverageSchema":"1a1c01bbd47fc00a2c39e90264f33305004495a9","hash":"f1a0b5632e12f39e661b11086f9f55b0ce29d9f6"}
,"C:\\Users\\alqah\\CascadeProjects\\city-lifestyle-app\\backend\\src\\controllers\\reviewController.js": {"path":"C:\\Users\\alqah\\CascadeProjects\\city-lifestyle-app\\backend\\src\\controllers\\reviewController.js","statementMap":{"0":{"start":{"line":1,"column":17},"end":{"line":1,"column":36}},"1":{"start":{"line":2,"column":15},"end":{"line":2,"column":42}},"2":{"start":{"line":3,"column":14},"end":{"line":3,"column":40}},"3":{"start":{"line":4,"column":13},"end":{"line":4,"column":38}},"4":{"start":{"line":5,"column":21},"end":{"line":5,"column":56}},"5":{"start":{"line":6,"column":25},"end":{"line":6,"column":64}},"6":{"start":{"line":7,"column":28},"end":{"line":7,"column":50}},"7":{"start":{"line":12,"column":4},"end":{"line":48,"column":5}},"8":{"start":{"line":13,"column":20},"end":{"line":13,"column":60}},"9":{"start":{"line":14,"column":6},"end":{"line":16,"column":7}},"10":{"start":{"line":15,"column":8},"end":{"line":15,"column":68}},"11":{"start":{"line":19,"column":29},"end":{"line":22,"column":8}},"12":{"start":{"line":24,"column":6},"end":{"line":26,"column":7}},"13":{"start":{"line":25,"column":8},"end":{"line":25,"column":89}},"14":{"start":{"line":28,"column":21},"end":{"line":32,"column":8}},"15":{"start":{"line":34,"column":6},"end":{"line":44,"column":9}},"16":{"start":{"line":35,"column":8},"end":{"line":35,"column":39}},"17":{"start":{"line":36,"column":8},"end":{"line":36,"column":42}},"18":{"start":{"line":37,"column":8},"end":{"line":37,"column":45}},"19":{"start":{"line":40,"column":8},"end":{"line":40,"column":53}},"20":{"start":{"line":41,"column":8},"end":{"line":41,"column":47}},"21":{"start":{"line":43,"column":8},"end":{"line":43,"column":37}},"22":{"start":{"line":46,"column":6},"end":{"line":46,"column":53}},"23":{"start":{"line":47,"column":6},"end":{"line":47,"column":65}},"24":{"start":{"line":53,"column":4},"end":{"line":89,"column":5}},"25":{"start":{"line":54,"column":21},"end":{"line":54,"column":57}},"26":{"start":{"line":55,"column":6},"end":{"line":57,"column":7}},"27":{"start":{"line":56,"column":8},"end":{"line":56,"column":69}},"28":{"start":{"line":60,"column":6},"end":{"line":62,"column":7}},"29":{"start":{"line":61,"column":8},"end":{"line":61,"column":89}},"30":{"start":{"line":65,"column":22},"end":{"line":65,"column":30}},"31":{"start":{"line":66,"column":29},"end":{"line":66,"column":50}},"32":{"start":{"line":67,"column":31},"end":{"line":67,"column":100}},"33":{"start":{"line":67,"column":68},"end":{"line":67,"column":99}},"34":{"start":{"line":69,"column":6},"end":{"line":71,"column":7}},"35":{"start":{"line":70,"column":8},"end":{"line":70,"column":68}},"36":{"start":{"line":73,"column":6},"end":{"line":85,"column":9}},"37":{"start":{"line":74,"column":8},"end":{"line":74,"column":39}},"38":{"start":{"line":75,"column":8},"end":{"line":75,"column":39}},"39":{"start":{"line":77,"column":22},"end":{"line":77,"column":56}},"40":{"start":{"line":78,"column":8},"end":{"line":78,"column":35}},"41":{"start":{"line":81,"column":8},"end":{"line":81,"column":53}},"42":{"start":{"line":82,"column":8},"end":{"line":82,"column":47}},"43":{"start":{"line":84,"column":8},"end":{"line":84,"column":25}},"44":{"start":{"line":87,"column":6},"end":{"line":87,"column":53}},"45":{"start":{"line":88,"column":6},"end":{"line":88,"column":65}},"46":{"start":{"line":94,"column":4},"end":{"line":118,"column":5}},"47":{"start":{"line":95,"column":21},"end":{"line":95,"column":57}},"48":{"start":{"line":96,"column":6},"end":{"line":98,"column":7}},"49":{"start":{"line":97,"column":8},"end":{"line":97,"column":69}},"50":{"start":{"line":101,"column":6},"end":{"line":103,"column":7}},"51":{"start":{"line":102,"column":8},"end":{"line":102,"column":89}},"52":{"start":{"line":105,"column":6},"end":{"line":114,"column":9}},"53":{"start":{"line":106,"column":22},"end":{"line":106,"column":56}},"54":{"start":{"line":107,"column":21},"end":{"line":107,"column":53}},"55":{"start":{"line":109,"column":8},"end":{"line":109,"column":44}},"56":{"start":{"line":110,"column":8},"end":{"line":110,"column":45}},"57":{"start":{"line":111,"column":8},"end":{"line":111,"column":44}},"58":{"start":{"line":113,"column":8},"end":{"line":113,"column":61}},"59":{"start":{"line":116,"column":6},"end":{"line":116,"column":53}},"60":{"start":{"line":117,"column":6},"end":{"line":117,"column":65}},"61":{"start":{"line":123,"column":4},"end":{"line":150,"column":5}},"62":{"start":{"line":124,"column":39},"end":{"line":124,"column":48}},"63":{"start":{"line":126,"column":6},"end":{"line":128,"column":7}},"64":{"start":{"line":127,"column":8},"end":{"line":127,"column":67}},"65":{"start":{"line":130,"column":19},"end":{"line":130,"column":57}},"66":{"start":{"line":131,"column":20},"end":{"line":131,"column":78}},"67":{"start":{"line":133,"column":22},"end":{"line":137,"column":31}},"68":{"start":{"line":139,"column":6},"end":{"line":144,"column":9}},"69":{"start":{"line":146,"column":6},"end":{"line":148,"column":7}},"70":{"start":{"line":147,"column":8},"end":{"line":147,"column":68}},"71":{"start":{"line":149,"column":6},"end":{"line":149,"column":54}},"72":{"start":{"line":155,"column":4},"end":{"line":179,"column":5}},"73":{"start":{"line":156,"column":21},"end":{"line":156,"column":33}},"74":{"start":{"line":157,"column":39},"end":{"line":157,"column":48}},"75":{"start":{"line":159,"column":19},"end":{"line":159,"column":57}},"76":{"start":{"line":160,"column":20},"end":{"line":160,"column":65}},"77":{"start":{"line":162,"column":22},"end":{"line":166,"column":31}},"78":{"start":{"line":168,"column":6},"end":{"line":173,"column":9}},"79":{"start":{"line":175,"column":6},"end":{"line":177,"column":7}},"80":{"start":{"line":176,"column":8},"end":{"line":176,"column":68}},"81":{"start":{"line":178,"column":6},"end":{"line":178,"column":54}},"82":{"start":{"line":183,"column":0},"end":{"line":183,"column":40}}},"fnMap":{"0":{"name":"(anonymous_0)","decl":{"start":{"line":11,"column":2},"end":{"line":11,"column":3}},"loc":{"start":{"line":11,"column":31},"end":{"line":49,"column":3}},"line":11},"1":{"name":"(anonymous_1)","decl":{"start":{"line":34,"column":29},"end":{"line":34,"column":30}},"loc":{"start":{"line":34,"column":48},"end":{"line":44,"column":7}},"line":34},"2":{"name":"(anonymous_2)","decl":{"start":{"line":52,"column":2},"end":{"line":52,"column":3}},"loc":{"start":{"line":52,"column":31},"end":{"line":90,"column":3}},"line":52},"3":{"name":"(anonymous_3)","decl":{"start":{"line":67,"column":58},"end":{"line":67,"column":59}},"loc":{"start":{"line":67,"column":68},"end":{"line":67,"column":99}},"line":67},"4":{"name":"(anonymous_4)","decl":{"start":{"line":73,"column":29},"end":{"line":73,"column":30}},"loc":{"start":{"line":73,"column":48},"end":{"line":85,"column":7}},"line":73},"5":{"name":"(anonymous_5)","decl":{"start":{"line":93,"column":2},"end":{"line":93,"column":3}},"loc":{"start":{"line":93,"column":31},"end":{"line":119,"column":3}},"line":93},"6":{"name":"(anonymous_6)","decl":{"start":{"line":105,"column":29},"end":{"line":105,"column":30}},"loc":{"start":{"line":105,"column":48},"end":{"line":114,"column":7}},"line":105},"7":{"name":"(anonymous_7)","decl":{"start":{"line":122,"column":2},"end":{"line":122,"column":3}},"loc":{"start":{"line":122,"column":34},"end":{"line":151,"column":3}},"line":122},"8":{"name":"(anonymous_8)","decl":{"start":{"line":154,"column":2},"end":{"line":154,"column":3}},"loc":{"start":{"line":154,"column":33},"end":{"line":180,"column":3}},"line":154}},"branchMap":{"0":{"loc":{"start":{"line":14,"column":6},"end":{"line":16,"column":7}},"type":"if","locations":[{"start":{"line":14,"column":6},"end":{"line":16,"column":7}},{"start":{},"end":{}}],"line":14},"1":{"loc":{"start":{"line":24,"column":6},"end":{"line":26,"column":7}},"type":"if","locations":[{"start":{"line":24,"column":6},"end":{"line":26,"column":7}},{"start":{},"end":{}}],"line":24},"2":{"loc":{"start":{"line":55,"column":6},"end":{"line":57,"column":7}},"type":"if","locations":[{"start":{"line":55,"column":6},"end":{"line":57,"column":7}},{"start":{},"end":{}}],"line":55},"3":{"loc":{"start":{"line":60,"column":6},"end":{"line":62,"column":7}},"type":"if","locations":[{"start":{"line":60,"column":6},"end":{"line":62,"column":7}},{"start":{},"end":{}}],"line":60},"4":{"loc":{"start":{"line":69,"column":6},"end":{"line":71,"column":7}},"type":"if","locations":[{"start":{"line":69,"column":6},"end":{"line":71,"column":7}},{"start":{},"end":{}}],"line":69},"5":{"loc":{"start":{"line":96,"column":6},"end":{"line":98,"column":7}},"type":"if","locations":[{"start":{"line":96,"column":6},"end":{"line":98,"column":7}},{"start":{},"end":{}}],"line":96},"6":{"loc":{"start":{"line":101,"column":6},"end":{"line":103,"column":7}},"type":"if","locations":[{"start":{"line":101,"column":6},"end":{"line":103,"column":7}},{"start":{},"end":{}}],"line":101},"7":{"loc":{"start":{"line":124,"column":14},"end":{"line":124,"column":22}},"type":"default-arg","locations":[{"start":{"line":124,"column":21},"end":{"line":124,"column":22}}],"line":124},"8":{"loc":{"start":{"line":124,"column":24},"end":{"line":124,"column":34}},"type":"default-arg","locations":[{"start":{"line":124,"column":32},"end":{"line":124,"column":34}}],"line":124},"9":{"loc":{"start":{"line":126,"column":6},"end":{"line":128,"column":7}},"type":"if","locations":[{"start":{"line":126,"column":6},"end":{"line":128,"column":7}},{"start":{},"end":{}}],"line":126},"10":{"loc":{"start":{"line":146,"column":6},"end":{"line":148,"column":7}},"type":"if","locations":[{"start":{"line":146,"column":6},"end":{"line":148,"column":7}},{"start":{},"end":{}}],"line":146},"11":{"loc":{"start":{"line":157,"column":14},"end":{"line":157,"column":22}},"type":"default-arg","locations":[{"start":{"line":157,"column":21},"end":{"line":157,"column":22}}],"line":157},"12":{"loc":{"start":{"line":157,"column":24},"end":{"line":157,"column":34}},"type":"default-arg","locations":[{"start":{"line":157,"column":32},"end":{"line":157,"column":34}}],"line":157},"13":{"loc":{"start":{"line":175,"column":6},"end":{"line":177,"column":7}},"type":"if","locations":[{"start":{"line":175,"column":6},"end":{"line":177,"column":7}},{"start":{},"end":{}}],"line":175}},"s":{"0":3,"1":3,"2":3,"3":3,"4":3,"5":3,"6":3,"7":3,"8":3,"9":3,"10":1,"11":2,"12":2,"13":0,"14":2,"15":2,"16":2,"17":2,"18":2,"19":0,"20":0,"21":0,"22":0,"23":0,"24":3,"25":3,"26":3,"27":1,"28":2,"29":1,"30":1,"31":1,"32":1,"33":2,"34":1,"35":0,"36":1,"37":1,"38":1,"39":1,"40":1,"41":1,"42":1,"43":1,"44":0,"45":0,"46":3,"47":3,"48":3,"49":1,"50":2,"51":1,"52":1,"53":1,"54":1,"55":1,"56":1,"57":1,"58":1,"59":0,"60":0,"61":3,"62":3,"63":3,"64":0,"65":3,"66":3,"67":3,"68":3,"69":0,"70":0,"71":0,"72":1,"73":1,"74":1,"75":1,"76":1,"77":1,"78":1,"79":0,"80":0,"81":0,"82":3},"f":{"0":3,"1":2,"2":3,"3":2,"4":1,"5":3,"6":1,"7":3,"8":1},"b":{"0":[1,2],"1":[0,2],"2":[1,2],"3":[1,1],"4":[0,1],"5":[1,2],"6":[1,1],"7":[1],"8":[1],"9":[0,3],"10":[0,0],"11":[1],"12":[1],"13":[0,0]},"_coverageSchema":"1a1c01bbd47fc00a2c39e90264f33305004495a9","hash":"1fa4953a5267036f87ca9843d9c0604755399360"}
,"C:\\Users\\alqah\\CascadeProjects\\city-lifestyle-app\\backend\\src\\middleware\\auth.js": {"path":"C:\\Users\\alqah\\CascadeProjects\\city-lifestyle-app\\backend\\src\\middleware\\auth.js","statementMap":{"0":{"start":{"line":1,"column":12},"end":{"line":1,"column":35}},"1":{"start":{"line":2,"column":13},"end":{"line":2,"column":38}},"2":{"start":{"line":4,"column":13},"end":{"line":25,"column":1}},"3":{"start":{"line":5,"column":2},"end":{"line":24,"column":3}},"4":{"start":{"line":6,"column":18},"end":{"line":6,"column":69}},"5":{"start":{"line":8,"column":4},"end":{"line":10,"column":5}},"6":{"start":{"line":9,"column":6},"end":{"line":9,"column":24}},"7":{"start":{"line":12,"column":20},"end":{"line":12,"column":61}},"8":{"start":{"line":13,"column":17},"end":{"line":13,"column":49}},"9":{"start":{"line":15,"column":4},"end":{"line":17,"column":5}},"10":{"start":{"line":16,"column":6},"end":{"line":16,"column":24}},"11":{"start":{"line":19,"column":4},"end":{"line":19,"column":22}},"12":{"start":{"line":20,"column":4},"end":{"line":20,"column":20}},"13":{"start":{"line":21,"column":4},"end":{"line":21,"column":11}},"14":{"start":{"line":23,"column":4},"end":{"line":23,"column":60}},"15":{"start":{"line":27,"column":0},"end":{"line":27,"column":22}}},"fnMap":{"0":{"name":"(anonymous_0)","decl":{"start":{"line":4,"column":13},"end":{"line":4,"column":14}},"loc":{"start":{"line":4,"column":39},"end":{"line":25,"column":1}},"line":4}},"branchMap":{"0":{"loc":{"start":{"line":8,"column":4},"end":{"line":10,"column":5}},"type":"if","locations":[{"start":{"line":8,"column":4},"end":{"line":10,"column":5}},{"start":{},"end":{}}],"line":8},"1":{"loc":{"start":{"line":15,"column":4},"end":{"line":17,"column":5}},"type":"if","locations":[{"start":{"line":15,"column":4},"end":{"line":17,"column":5}},{"start":{},"end":{}}],"line":15}},"s":{"0":3,"1":3,"2":3,"3":27,"4":27,"5":27,"6":5,"7":22,"8":21,"9":21,"10":0,"11":21,"12":21,"13":21,"14":6,"15":3},"f":{"0":27},"b":{"0":[5,22],"1":[0,21]},"_coverageSchema":"1a1c01bbd47fc00a2c39e90264f33305004495a9","hash":"df387ad8bdd7431cf39a2b4dc846b6e30773bb69"}
,"C:\\Users\\alqah\\CascadeProjects\\city-lifestyle-app\\backend\\src\\middleware\\monitoring.js": {"path":"C:\\Users\\alqah\\CascadeProjects\\city-lifestyle-app\\backend\\src\\middleware\\monitoring.js","statementMap":{"0":{"start":{"line":1,"column":16},"end":{"line":1,"column":34}},"1":{"start":{"line":2,"column":23},"end":{"line":2,"column":49}},"2":{"start":{"line":3,"column":11},"end":{"line":3,"column":24}},"3":{"start":{"line":4,"column":13},"end":{"line":4,"column":28}},"4":{"start":{"line":7,"column":16},"end":{"line":7,"column":50}},"5":{"start":{"line":8,"column":0},"end":{"line":10,"column":1}},"6":{"start":{"line":9,"column":2},"end":{"line":9,"column":45}},"7":{"start":{"line":13,"column":15},"end":{"line":34,"column":2}},"8":{"start":{"line":37,"column":0},"end":{"line":47,"column":1}},"9":{"start":{"line":38,"column":2},"end":{"line":46,"column":4}},"10":{"start":{"line":50,"column":22},"end":{"line":60,"column":2}},"11":{"start":{"line":58,"column":4},"end":{"line":58,"column":56}},"12":{"start":{"line":63,"column":20},"end":{"line":68,"column":2}},"13":{"start":{"line":71,"column":16},"end":{"line":73,"column":1}},"14":{"start":{"line":72,"column":2},"end":{"line":72,"column":33}},"15":{"start":{"line":75,"column":17},"end":{"line":81,"column":1}},"16":{"start":{"line":76,"column":2},"end":{"line":80,"column":5}},"17":{"start":{"line":83,"column":19},"end":{"line":85,"column":1}},"18":{"start":{"line":84,"column":2},"end":{"line":84,"column":33}},"19":{"start":{"line":87,"column":17},"end":{"line":89,"column":1}},"20":{"start":{"line":88,"column":2},"end":{"line":88,"column":34}},"21":{"start":{"line":92,"column":26},"end":{"line":108,"column":1}},"22":{"start":{"line":93,"column":16},"end":{"line":93,"column":32}},"23":{"start":{"line":95,"column":2},"end":{"line":105,"column":5}},"24":{"start":{"line":96,"column":35},"end":{"line":96,"column":56}},"25":{"start":{"line":97,"column":21},"end":{"line":97,"column":59}},"26":{"start":{"line":99,"column":4},"end":{"line":104,"column":7}},"27":{"start":{"line":107,"column":2},"end":{"line":107,"column":9}},"28":{"start":{"line":112,"column":2},"end":{"line":155,"column":3}},"29":{"start":{"line":114,"column":15},"end":{"line":114,"column":32}},"30":{"start":{"line":115,"column":24},"end":{"line":115,"column":81}},"31":{"start":{"line":115,"column":57},"end":{"line":115,"column":61}},"32":{"start":{"line":115,"column":75},"end":{"line":115,"column":80}},"33":{"start":{"line":118,"column":18},"end":{"line":118,"column":38}},"34":{"start":{"line":119,"column":24},"end":{"line":119,"column":93}},"35":{"start":{"line":119,"column":62},"end":{"line":119,"column":66}},"36":{"start":{"line":119,"column":80},"end":{"line":119,"column":85}},"37":{"start":{"line":122,"column":20},"end":{"line":131,"column":5}},"38":{"start":{"line":133,"column":21},"end":{"line":141,"column":5}},"39":{"start":{"line":144,"column":23},"end":{"line":144,"column":59}},"40":{"start":{"line":145,"column":4},"end":{"line":145,"column":49}},"41":{"start":{"line":148,"column":4},"end":{"line":148,"column":47}},"42":{"start":{"line":149,"column":4},"end":{"line":154,"column":7}},"43":{"start":{"line":158,"column":0},"end":{"line":168,"column":2}}},"fnMap":{"0":{"name":"(anonymous_0)","decl":{"start":{"line":56,"column":15},"end":{"line":56,"column":16}},"loc":{"start":{"line":56,"column":24},"end":{"line":59,"column":3}},"line":56},"1":{"name":"(anonymous_1)","decl":{"start":{"line":71,"column":16},"end":{"line":71,"column":17}},"loc":{"start":{"line":71,"column":40},"end":{"line":73,"column":1}},"line":71},"2":{"name":"(anonymous_2)","decl":{"start":{"line":75,"column":17},"end":{"line":75,"column":18}},"loc":{"start":{"line":75,"column":48},"end":{"line":81,"column":1}},"line":75},"3":{"name":"(anonymous_3)","decl":{"start":{"line":83,"column":19},"end":{"line":83,"column":20}},"loc":{"start":{"line":83,"column":43},"end":{"line":85,"column":1}},"line":83},"4":{"name":"(anonymous_4)","decl":{"start":{"line":87,"column":17},"end":{"line":87,"column":18}},"loc":{"start":{"line":87,"column":41},"end":{"line":89,"column":1}},"line":87},"5":{"name":"(anonymous_5)","decl":{"start":{"line":92,"column":26},"end":{"line":92,"column":27}},"loc":{"start":{"line":92,"column":46},"end":{"line":108,"column":1}},"line":92},"6":{"name":"(anonymous_6)","decl":{"start":{"line":95,"column":19},"end":{"line":95,"column":20}},"loc":{"start":{"line":95,"column":25},"end":{"line":105,"column":3}},"line":95},"7":{"name":"healthCheck","decl":{"start":{"line":111,"column":15},"end":{"line":111,"column":26}},"loc":{"start":{"line":111,"column":37},"end":{"line":156,"column":1}},"line":111},"8":{"name":"(anonymous_8)","decl":{"start":{"line":115,"column":51},"end":{"line":115,"column":52}},"loc":{"start":{"line":115,"column":57},"end":{"line":115,"column":61}},"line":115},"9":{"name":"(anonymous_9)","decl":{"start":{"line":115,"column":69},"end":{"line":115,"column":70}},"loc":{"start":{"line":115,"column":75},"end":{"line":115,"column":80}},"line":115},"10":{"name":"(anonymous_10)","decl":{"start":{"line":119,"column":56},"end":{"line":119,"column":57}},"loc":{"start":{"line":119,"column":62},"end":{"line":119,"column":66}},"line":119},"11":{"name":"(anonymous_11)","decl":{"start":{"line":119,"column":74},"end":{"line":119,"column":75}},"loc":{"start":{"line":119,"column":80},"end":{"line":119,"column":85}},"line":119}},"branchMap":{"0":{"loc":{"start":{"line":8,"column":0},"end":{"line":10,"column":1}},"type":"if","locations":[{"start":{"line":8,"column":0},"end":{"line":10,"column":1}},{"start":{},"end":{}}],"line":8},"1":{"loc":{"start":{"line":14,"column":9},"end":{"line":14,"column":40}},"type":"binary-expr","locations":[{"start":{"line":14,"column":9},"end":{"line":14,"column":30}},{"start":{"line":14,"column":34},"end":{"line":14,"column":40}}],"line":14},"2":{"loc":{"start":{"line":37,"column":0},"end":{"line":47,"column":1}},"type":"if","locations":[{"start":{"line":37,"column":0},"end":{"line":47,"column":1}},{"start":{},"end":{}}],"line":37},"3":{"loc":{"start":{"line":58,"column":11},"end":{"line":58,"column":55}},"type":"binary-expr","locations":[{"start":{"line":58,"column":11},"end":{"line":58,"column":32}},{"start":{"line":58,"column":36},"end":{"line":58,"column":55}}],"line":58},"4":{"loc":{"start":{"line":71,"column":26},"end":{"line":71,"column":35}},"type":"default-arg","locations":[{"start":{"line":71,"column":33},"end":{"line":71,"column":35}}],"line":71},"5":{"loc":{"start":{"line":75,"column":34},"end":{"line":75,"column":43}},"type":"default-arg","locations":[{"start":{"line":75,"column":41},"end":{"line":75,"column":43}}],"line":75},"6":{"loc":{"start":{"line":83,"column":29},"end":{"line":83,"column":38}},"type":"default-arg","locations":[{"start":{"line":83,"column":36},"end":{"line":83,"column":38}}],"line":83},"7":{"loc":{"start":{"line":87,"column":27},"end":{"line":87,"column":36}},"type":"default-arg","locations":[{"start":{"line":87,"column":34},"end":{"line":87,"column":36}}],"line":87},"8":{"loc":{"start":{"line":115,"column":24},"end":{"line":115,"column":81}},"type":"binary-expr","locations":[{"start":{"line":115,"column":24},"end":{"line":115,"column":26}},{"start":{"line":115,"column":30},"end":{"line":115,"column":81}}],"line":115},"9":{"loc":{"start":{"line":119,"column":24},"end":{"line":119,"column":93}},"type":"cond-expr","locations":[{"start":{"line":119,"column":32},"end":{"line":119,"column":86}},{"start":{"line":119,"column":89},"end":{"line":119,"column":93}}],"line":119},"10":{"loc":{"start":{"line":134,"column":14},"end":{"line":134,"column":60}},"type":"cond-expr","locations":[{"start":{"line":134,"column":43},"end":{"line":134,"column":47}},{"start":{"line":134,"column":50},"end":{"line":134,"column":60}}],"line":134},"11":{"loc":{"start":{"line":134,"column":14},"end":{"line":134,"column":40}},"type":"binary-expr","locations":[{"start":{"line":134,"column":14},"end":{"line":134,"column":25}},{"start":{"line":134,"column":29},"end":{"line":134,"column":40}}],"line":134},"12":{"loc":{"start":{"line":137,"column":17},"end":{"line":137,"column":59}},"type":"cond-expr","locations":[{"start":{"line":137,"column":31},"end":{"line":137,"column":42}},{"start":{"line":137,"column":45},"end":{"line":137,"column":59}}],"line":137},"13":{"loc":{"start":{"line":138,"column":15},"end":{"line":138,"column":57}},"type":"cond-expr","locations":[{"start":{"line":138,"column":29},"end":{"line":138,"column":40}},{"start":{"line":138,"column":43},"end":{"line":138,"column":57}}],"line":138},"14":{"loc":{"start":{"line":144,"column":23},"end":{"line":144,"column":59}},"type":"cond-expr","locations":[{"start":{"line":144,"column":50},"end":{"line":144,"column":53}},{"start":{"line":144,"column":56},"end":{"line":144,"column":59}}],"line":144}},"s":{"0":4,"1":4,"2":4,"3":4,"4":4,"5":4,"6":0,"7":4,"8":4,"9":4,"10":4,"11":41,"12":4,"13":4,"14":0,"15":4,"16":0,"17":4,"18":0,"19":4,"20":0,"21":4,"22":0,"23":0,"24":0,"25":0,"26":0,"27":0,"28":4,"29":4,"30":3,"31":2,"32":1,"33":3,"34":3,"35":2,"36":0,"37":3,"38":3,"39":3,"40":3,"41":1,"42":1,"43":4},"f":{"0":41,"1":0,"2":0,"3":0,"4":0,"5":0,"6":0,"7":4,"8":2,"9":1,"10":2,"11":0},"b":{"0":[0,4],"1":[4,4],"2":[4,0],"3":[41,41],"4":[0],"5":[0],"6":[0],"7":[0],"8":[3,3],"9":[2,1],"10":[2,1],"11":[3,2],"12":[2,1],"13":[3,0],"14":[2,1]},"_coverageSchema":"1a1c01bbd47fc00a2c39e90264f33305004495a9","hash":"12f53d1ff167201528eb60e48e1e0b0c57674111"}
,"C:\\Users\\alqah\\CascadeProjects\\city-lifestyle-app\\backend\\src\\middleware\\validate.js": {"path":"C:\\Users\\alqah\\CascadeProjects\\city-lifestyle-app\\backend\\src\\middleware\\validate.js","statementMap":{"0":{"start":{"line":1,"column":17},"end":{"line":38,"column":1}},"1":{"start":{"line":2,"column":2},"end":{"line":37,"column":4}},"2":{"start":{"line":3,"column":24},"end":{"line":3,"column":26}},"3":{"start":{"line":6,"column":4},"end":{"line":11,"column":5}},"4":{"start":{"line":7,"column":24},"end":{"line":7,"column":54}},"5":{"start":{"line":8,"column":6},"end":{"line":10,"column":7}},"6":{"start":{"line":9,"column":8},"end":{"line":9,"column":52}},"7":{"start":{"line":14,"column":4},"end":{"line":19,"column":5}},"8":{"start":{"line":15,"column":24},"end":{"line":15,"column":56}},"9":{"start":{"line":16,"column":6},"end":{"line":18,"column":7}},"10":{"start":{"line":17,"column":8},"end":{"line":17,"column":53}},"11":{"start":{"line":22,"column":4},"end":{"line":27,"column":5}},"12":{"start":{"line":23,"column":24},"end":{"line":23,"column":58}},"13":{"start":{"line":24,"column":6},"end":{"line":26,"column":7}},"14":{"start":{"line":25,"column":8},"end":{"line":25,"column":54}},"15":{"start":{"line":30,"column":4},"end":{"line":34,"column":5}},"16":{"start":{"line":31,"column":6},"end":{"line":33,"column":9}},"17":{"start":{"line":36,"column":4},"end":{"line":36,"column":11}},"18":{"start":{"line":40,"column":0},"end":{"line":40,"column":26}}},"fnMap":{"0":{"name":"(anonymous_0)","decl":{"start":{"line":1,"column":17},"end":{"line":1,"column":18}},"loc":{"start":{"line":1,"column":29},"end":{"line":38,"column":1}},"line":1},"1":{"name":"(anonymous_1)","decl":{"start":{"line":2,"column":9},"end":{"line":2,"column":10}},"loc":{"start":{"line":2,"column":29},"end":{"line":37,"column":3}},"line":2}},"branchMap":{"0":{"loc":{"start":{"line":6,"column":4},"end":{"line":11,"column":5}},"type":"if","locations":[{"start":{"line":6,"column":4},"end":{"line":11,"column":5}},{"start":{},"end":{}}],"line":6},"1":{"loc":{"start":{"line":8,"column":6},"end":{"line":10,"column":7}},"type":"if","locations":[{"start":{"line":8,"column":6},"end":{"line":10,"column":7}},{"start":{},"end":{}}],"line":8},"2":{"loc":{"start":{"line":14,"column":4},"end":{"line":19,"column":5}},"type":"if","locations":[{"start":{"line":14,"column":4},"end":{"line":19,"column":5}},{"start":{},"end":{}}],"line":14},"3":{"loc":{"start":{"line":16,"column":6},"end":{"line":18,"column":7}},"type":"if","locations":[{"start":{"line":16,"column":6},"end":{"line":18,"column":7}},{"start":{},"end":{}}],"line":16},"4":{"loc":{"start":{"line":22,"column":4},"end":{"line":27,"column":5}},"type":"if","locations":[{"start":{"line":22,"column":4},"end":{"line":27,"column":5}},{"start":{},"end":{}}],"line":22},"5":{"loc":{"start":{"line":24,"column":6},"end":{"line":26,"column":7}},"type":"if","locations":[{"start":{"line":24,"column":6},"end":{"line":26,"column":7}},{"start":{},"end":{}}],"line":24},"6":{"loc":{"start":{"line":30,"column":4},"end":{"line":34,"column":5}},"type":"if","locations":[{"start":{"line":30,"column":4},"end":{"line":34,"column":5}},{"start":{},"end":{}}],"line":30}},"s":{"0":4,"1":12,"2":12,"3":12,"4":3,"5":3,"6":2,"7":12,"8":1,"9":1,"10":0,"11":12,"12":2,"13":2,"14":1,"15":12,"16":3,"17":9,"18":4},"f":{"0":12,"1":12},"b":{"0":[3,9],"1":[2,1],"2":[1,11],"3":[0,1],"4":[2,10],"5":[1,1],"6":[3,9]},"_coverageSchema":"1a1c01bbd47fc00a2c39e90264f33305004495a9","hash":"01c59268764d4ad10b0371d1c14b7dd78640ce3a"}
,"C:\\Users\\alqah\\CascadeProjects\\city-lifestyle-app\\backend\\src\\models\\place.js": {"path":"C:\\Users\\alqah\\CascadeProjects\\city-lifestyle-app\\backend\\src\\models\\place.js","statementMap":{"0":{"start":{"line":1,"column":17},"end":{"line":1,"column":36}},"1":{"start":{"line":2,"column":15},"end":{"line":2,"column":34}},"2":{"start":{"line":3,"column":28},"end":{"line":3,"column":50}},"3":{"start":{"line":5,"column":20},"end":{"line":90,"column":2}},"4":{"start":{"line":93,"column":0},"end":{"line":129,"column":2}},"5":{"start":{"line":94,"column":30},"end":{"line":94,"column":52}},"6":{"start":{"line":96,"column":2},"end":{"line":128,"column":5}},"7":{"start":{"line":98,"column":18},"end":{"line":98,"column":76}},"8":{"start":{"line":100,"column":4},"end":{"line":104,"column":5}},"9":{"start":{"line":101,"column":6},"end":{"line":101,"column":23}},"10":{"start":{"line":102,"column":6},"end":{"line":102,"column":36}},"11":{"start":{"line":103,"column":6},"end":{"line":103,"column":19}},"12":{"start":{"line":106,"column":18},"end":{"line":118,"column":6}},"13":{"start":{"line":109,"column":46},"end":{"line":109,"column":77}},"14":{"start":{"line":120,"column":4},"end":{"line":124,"column":5}},"15":{"start":{"line":121,"column":6},"end":{"line":121,"column":44}},"16":{"start":{"line":123,"column":6},"end":{"line":123,"column":23}},"17":{"start":{"line":126,"column":4},"end":{"line":126,"column":34}},"18":{"start":{"line":127,"column":4},"end":{"line":127,"column":17}},"19":{"start":{"line":132,"column":0},"end":{"line":145,"column":2}},"20":{"start":{"line":133,"column":30},"end":{"line":133,"column":52}},"21":{"start":{"line":135,"column":2},"end":{"line":144,"column":5}},"22":{"start":{"line":137,"column":18},"end":{"line":137,"column":76}},"23":{"start":{"line":138,"column":4},"end":{"line":142,"column":5}},"24":{"start":{"line":139,"column":6},"end":{"line":139,"column":35}},"25":{"start":{"line":140,"column":6},"end":{"line":140,"column":36}},"26":{"start":{"line":141,"column":6},"end":{"line":141,"column":33}},"27":{"start":{"line":143,"column":4},"end":{"line":143,"column":17}},"28":{"start":{"line":148,"column":0},"end":{"line":159,"column":2}},"29":{"start":{"line":149,"column":30},"end":{"line":149,"column":52}},"30":{"start":{"line":151,"column":2},"end":{"line":158,"column":5}},"31":{"start":{"line":153,"column":18},"end":{"line":153,"column":76}},"32":{"start":{"line":154,"column":4},"end":{"line":154,"column":69}},"33":{"start":{"line":154,"column":47},"end":{"line":154,"column":67}},"34":{"start":{"line":155,"column":4},"end":{"line":155,"column":34}},"35":{"start":{"line":156,"column":4},"end":{"line":156,"column":31}},"36":{"start":{"line":157,"column":4},"end":{"line":157,"column":17}},"37":{"start":{"line":162,"column":0},"end":{"line":162,"column":44}},"38":{"start":{"line":164,"column":14},"end":{"line":164,"column":50}},"39":{"start":{"line":166,"column":0},"end":{"line":166,"column":23}}},"fnMap":{"0":{"name":"(anonymous_0)","decl":{"start":{"line":93,"column":35},"end":{"line":93,"column":36}},"loc":{"start":{"line":93,"column":52},"end":{"line":129,"column":1}},"line":93},"1":{"name":"(anonymous_1)","decl":{"start":{"line":96,"column":25},"end":{"line":96,"column":26}},"loc":{"start":{"line":96,"column":44},"end":{"line":128,"column":3}},"line":96},"2":{"name":"(anonymous_2)","decl":{"start":{"line":109,"column":40},"end":{"line":109,"column":41}},"loc":{"start":{"line":109,"column":46},"end":{"line":109,"column":77}},"line":109},"3":{"name":"(anonymous_3)","decl":{"start":{"line":132,"column":32},"end":{"line":132,"column":33}},"loc":{"start":{"line":132,"column":57},"end":{"line":145,"column":1}},"line":132},"4":{"name":"(anonymous_4)","decl":{"start":{"line":135,"column":25},"end":{"line":135,"column":26}},"loc":{"start":{"line":135,"column":44},"end":{"line":144,"column":3}},"line":135},"5":{"name":"(anonymous_5)","decl":{"start":{"line":148,"column":35},"end":{"line":148,"column":36}},"loc":{"start":{"line":148,"column":60},"end":{"line":159,"column":1}},"line":148},"6":{"name":"(anonymous_6)","decl":{"start":{"line":151,"column":25},"end":{"line":151,"column":26}},"loc":{"start":{"line":151,"column":44},"end":{"line":158,"column":3}},"line":151},"7":{"name":"(anonymous_7)","decl":{"start":{"line":154,"column":41},"end":{"line":154,"column":42}},"loc":{"start":{"line":154,"column":47},"end":{"line":154,"column":67}},"line":154}},"branchMap":{"0":{"loc":{"start":{"line":100,"column":4},"end":{"line":104,"column":5}},"type":"if","locations":[{"start":{"line":100,"column":4},"end":{"line":104,"column":5}},{"start":{},"end":{}}],"line":100},"1":{"loc":{"start":{"line":100,"column":8},"end":{"line":100,"column":52}},"type":"binary-expr","locations":[{"start":{"line":100,"column":8},"end":{"line":100,"column":22}},{"start":{"line":100,"column":26},"end":{"line":100,"column":52}}],"line":100},"2":{"loc":{"start":{"line":120,"column":4},"end":{"line":124,"column":5}},"type":"if","locations":[{"start":{"line":120,"column":4},"end":{"line":124,"column":5}},{"start":{"line":122,"column":11},"end":{"line":124,"column":5}}],"line":120},"3":{"loc":{"start":{"line":138,"column":4},"end":{"line":142,"column":5}},"type":"if","locations":[{"start":{"line":138,"column":4},"end":{"line":142,"column":5}},{"start":{},"end":{}}],"line":138}},"s":{"0":5,"1":5,"2":5,"3":5,"4":5,"5":4,"6":4,"7":4,"8":4,"9":2,"10":2,"11":2,"12":2,"13":2,"14":2,"15":2,"16":0,"17":2,"18":2,"19":5,"20":2,"21":2,"22":2,"23":2,"24":2,"25":2,"26":2,"27":2,"28":5,"29":1,"30":1,"31":1,"32":1,"33":0,"34":1,"35":1,"36":1,"37":5,"38":5,"39":5},"f":{"0":4,"1":4,"2":2,"3":2,"4":2,"5":1,"6":1,"7":0},"b":{"0":[2,2],"1":[4,4],"2":[2,0],"3":[2,0]},"_coverageSchema":"1a1c01bbd47fc00a2c39e90264f33305004495a9","hash":"418affef0c2632cff026f751c6d52f2e5764f5d2"}
,"C:\\Users\\alqah\\CascadeProjects\\city-lifestyle-app\\backend\\src\\models\\review.js": {"path":"C:\\Users\\alqah\\CascadeProjects\\city-lifestyle-app\\backend\\src\\models\\review.js","statementMap":{"0":{"start":{"line":1,"column":17},"end":{"line":1,"column":36}},"1":{"start":{"line":3,"column":21},"end":{"line":93,"column":2}},"2":{"start":{"line":96,"column":0},"end":{"line":96,"column":60}},"3":{"start":{"line":97,"column":0},"end":{"line":97,"column":48}},"4":{"start":{"line":98,"column":0},"end":{"line":98,"column":35}},"5":{"start":{"line":99,"column":0},"end":{"line":99,"column":34}},"6":{"start":{"line":102,"column":0},"end":{"line":104,"column":3}},"7":{"start":{"line":103,"column":2},"end":{"line":103,"column":29}},"8":{"start":{"line":107,"column":0},"end":{"line":112,"column":2}},"9":{"start":{"line":108,"column":2},"end":{"line":111,"column":3}},"10":{"start":{"line":109,"column":4},"end":{"line":109,"column":28}},"11":{"start":{"line":110,"column":4},"end":{"line":110,"column":22}},"12":{"start":{"line":114,"column":0},"end":{"line":117,"column":2}},"13":{"start":{"line":115,"column":2},"end":{"line":115,"column":59}},"14":{"start":{"line":115,"column":39},"end":{"line":115,"column":57}},"15":{"start":{"line":116,"column":2},"end":{"line":116,"column":20}},"16":{"start":{"line":119,"column":0},"end":{"line":122,"column":2}},"17":{"start":{"line":120,"column":2},"end":{"line":120,"column":47}},"18":{"start":{"line":121,"column":2},"end":{"line":121,"column":20}},"19":{"start":{"line":124,"column":0},"end":{"line":129,"column":2}},"20":{"start":{"line":125,"column":2},"end":{"line":128,"column":3}},"21":{"start":{"line":125,"column":30},"end":{"line":125,"column":51}},"22":{"start":{"line":126,"column":4},"end":{"line":126,"column":40}},"23":{"start":{"line":127,"column":4},"end":{"line":127,"column":22}},"24":{"start":{"line":131,"column":0},"end":{"line":136,"column":2}},"25":{"start":{"line":132,"column":2},"end":{"line":135,"column":3}},"26":{"start":{"line":132,"column":28},"end":{"line":132,"column":49}},"27":{"start":{"line":133,"column":4},"end":{"line":133,"column":46}},"28":{"start":{"line":134,"column":4},"end":{"line":134,"column":22}},"29":{"start":{"line":139,"column":0},"end":{"line":151,"column":2}},"30":{"start":{"line":140,"column":17},"end":{"line":149,"column":4}},"31":{"start":{"line":150,"column":2},"end":{"line":150,"column":60}},"32":{"start":{"line":153,"column":0},"end":{"line":162,"column":2}},"33":{"start":{"line":154,"column":2},"end":{"line":161,"column":22}},"34":{"start":{"line":164,"column":15},"end":{"line":164,"column":53}},"35":{"start":{"line":166,"column":0},"end":{"line":166,"column":24}}},"fnMap":{"0":{"name":"(anonymous_0)","decl":{"start":{"line":102,"column":45},"end":{"line":102,"column":46}},"loc":{"start":{"line":102,"column":56},"end":{"line":104,"column":1}},"line":102},"1":{"name":"(anonymous_1)","decl":{"start":{"line":107,"column":28},"end":{"line":107,"column":29}},"loc":{"start":{"line":107,"column":51},"end":{"line":112,"column":1}},"line":107},"2":{"name":"(anonymous_2)","decl":{"start":{"line":114,"column":30},"end":{"line":114,"column":31}},"loc":{"start":{"line":114,"column":53},"end":{"line":117,"column":1}},"line":114},"3":{"name":"(anonymous_3)","decl":{"start":{"line":115,"column":33},"end":{"line":115,"column":34}},"loc":{"start":{"line":115,"column":39},"end":{"line":115,"column":57}},"line":115},"4":{"name":"(anonymous_4)","decl":{"start":{"line":119,"column":32},"end":{"line":119,"column":33}},"loc":{"start":{"line":119,"column":64},"end":{"line":122,"column":1}},"line":119},"5":{"name":"(anonymous_5)","decl":{"start":{"line":124,"column":35},"end":{"line":124,"column":36}},"loc":{"start":{"line":124,"column":58},"end":{"line":129,"column":1}},"line":124},"6":{"name":"(anonymous_6)","decl":{"start":{"line":125,"column":25},"end":{"line":125,"column":26}},"loc":{"start":{"line":125,"column":30},"end":{"line":125,"column":51}},"line":125},"7":{"name":"(anonymous_7)","decl":{"start":{"line":131,"column":28},"end":{"line":131,"column":29}},"loc":{"start":{"line":131,"column":59},"end":{"line":136,"column":1}},"line":131},"8":{"name":"(anonymous_8)","decl":{"start":{"line":132,"column":23},"end":{"line":132,"column":24}},"loc":{"start":{"line":132,"column":28},"end":{"line":132,"column":49}},"line":132},"9":{"name":"(anonymous_9)","decl":{"start":{"line":139,"column":40},"end":{"line":139,"column":41}},"loc":{"start":{"line":139,"column":64},"end":{"line":151,"column":1}},"line":139},"10":{"name":"(anonymous_10)","decl":{"start":{"line":153,"column":37},"end":{"line":153,"column":38}},"loc":{"start":{"line":153,"column":72},"end":{"line":162,"column":1}},"line":153}},"branchMap":{"0":{"loc":{"start":{"line":108,"column":2},"end":{"line":111,"column":3}},"type":"if","locations":[{"start":{"line":108,"column":2},"end":{"line":111,"column":3}},{"start":{},"end":{}}],"line":108},"1":{"loc":{"start":{"line":125,"column":2},"end":{"line":128,"column":3}},"type":"if","locations":[{"start":{"line":125,"column":2},"end":{"line":128,"column":3}},{"start":{},"end":{}}],"line":125},"2":{"loc":{"start":{"line":132,"column":2},"end":{"line":135,"column":3}},"type":"if","locations":[{"start":{"line":132,"column":2},"end":{"line":135,"column":3}},{"start":{},"end":{}}],"line":132},"3":{"loc":{"start":{"line":150,"column":9},"end":{"line":150,"column":59}},"type":"binary-expr","locations":[{"start":{"line":150,"column":9},"end":{"line":150,"column":18}},{"start":{"line":150,"column":22},"end":{"line":150,"column":59}}],"line":150},"4":{"loc":{"start":{"line":153,"column":61},"end":{"line":153,"column":70}},"type":"default-arg","locations":[{"start":{"line":153,"column":69},"end":{"line":153,"column":70}}],"line":153}},"s":{"0":6,"1":6,"2":6,"3":6,"4":6,"5":6,"6":6,"7":0,"8":6,"9":1,"10":1,"11":1,"12":6,"13":1,"14":1,"15":1,"16":6,"17":1,"18":1,"19":6,"20":0,"21":0,"22":0,"23":0,"24":6,"25":0,"26":0,"27":0,"28":0,"29":6,"30":2,"31":2,"32":6,"33":0,"34":6,"35":6},"f":{"0":0,"1":1,"2":1,"3":1,"4":1,"5":0,"6":0,"7":0,"8":0,"9":2,"10":0},"b":{"0":[1,0],"1":[0,0],"2":[0,0],"3":[2,0],"4":[0]},"_coverageSchema":"1a1c01bbd47fc00a2c39e90264f33305004495a9","hash":"9d0f6fdd7e1dbaa7541c571cbd029632f958878f"}
,"C:\\Users\\alqah\\CascadeProjects\\city-lifestyle-app\\backend\\src\\models\\user.js": {"path":"C:\\Users\\alqah\\CascadeProjects\\city-lifestyle-app\\backend\\src\\models\\user.js","statementMap":{"0":{"start":{"line":1,"column":17},"end":{"line":1,"column":36}},"1":{"start":{"line":2,"column":15},"end":{"line":2,"column":34}},"2":{"start":{"line":3,"column":12},"end":{"line":3,"column":35}},"3":{"start":{"line":4,"column":28},"end":{"line":4,"column":50}},"4":{"start":{"line":6,"column":19},"end":{"line":61,"column":2}},"5":{"start":{"line":64,"column":0},"end":{"line":109,"column":2}},"6":{"start":{"line":65,"column":2},"end":{"line":108,"column":5}},"7":{"start":{"line":66,"column":17},"end":{"line":66,"column":75}},"8":{"start":{"line":67,"column":19},"end":{"line":67,"column":43}},"9":{"start":{"line":69,"column":4},"end":{"line":76,"column":5}},"10":{"start":{"line":70,"column":6},"end":{"line":73,"column":8}},"11":{"start":{"line":74,"column":6},"end":{"line":74,"column":35}},"12":{"start":{"line":75,"column":6},"end":{"line":75,"column":18}},"13":{"start":{"line":78,"column":22},"end":{"line":78,"column":77}},"14":{"start":{"line":78,"column":45},"end":{"line":78,"column":76}},"15":{"start":{"line":79,"column":18},"end":{"line":92,"column":13}},"16":{"start":{"line":94,"column":4},"end":{"line":104,"column":5}},"17":{"start":{"line":95,"column":6},"end":{"line":98,"column":8}},"18":{"start":{"line":100,"column":6},"end":{"line":103,"column":8}},"19":{"start":{"line":106,"column":4},"end":{"line":106,"column":33}},"20":{"start":{"line":107,"column":4},"end":{"line":107,"column":16}},"21":{"start":{"line":112,"column":0},"end":{"line":122,"column":2}},"22":{"start":{"line":113,"column":2},"end":{"line":121,"column":5}},"23":{"start":{"line":114,"column":17},"end":{"line":114,"column":75}},"24":{"start":{"line":115,"column":4},"end":{"line":119,"column":5}},"25":{"start":{"line":116,"column":6},"end":{"line":116,"column":34}},"26":{"start":{"line":117,"column":6},"end":{"line":117,"column":35}},"27":{"start":{"line":118,"column":6},"end":{"line":118,"column":37}},"28":{"start":{"line":120,"column":4},"end":{"line":120,"column":16}},"29":{"start":{"line":125,"column":0},"end":{"line":133,"column":2}},"30":{"start":{"line":126,"column":2},"end":{"line":132,"column":5}},"31":{"start":{"line":127,"column":17},"end":{"line":127,"column":75}},"32":{"start":{"line":128,"column":4},"end":{"line":128,"column":67}},"33":{"start":{"line":128,"column":45},"end":{"line":128,"column":65}},"34":{"start":{"line":129,"column":4},"end":{"line":129,"column":33}},"35":{"start":{"line":130,"column":4},"end":{"line":130,"column":35}},"36":{"start":{"line":131,"column":4},"end":{"line":131,"column":16}},"37":{"start":{"line":136,"column":0},"end":{"line":147,"column":2}},"38":{"start":{"line":137,"column":17},"end":{"line":137,"column":41}},"39":{"start":{"line":138,"column":18},"end":{"line":144,"column":20}},"40":{"start":{"line":146,"column":2},"end":{"line":146,"column":17}},"41":{"start":{"line":150,"column":0},"end":{"line":156,"column":2}},"42":{"start":{"line":151,"column":2},"end":{"line":154,"column":3}},"43":{"start":{"line":152,"column":4},"end":{"line":152,"column":38}},"44":{"start":{"line":153,"column":4},"end":{"line":153,"column":22}},"45":{"start":{"line":155,"column":2},"end":{"line":155,"column":14}},"46":{"start":{"line":159,"column":0},"end":{"line":163,"column":2}},"47":{"start":{"line":160,"column":2},"end":{"line":160,"column":78}},"48":{"start":{"line":160,"column":57},"end":{"line":160,"column":76}},"49":{"start":{"line":161,"column":2},"end":{"line":161,"column":20}},"50":{"start":{"line":162,"column":2},"end":{"line":162,"column":14}},"51":{"start":{"line":166,"column":0},"end":{"line":172,"column":2}},"52":{"start":{"line":167,"column":2},"end":{"line":170,"column":3}},"53":{"start":{"line":168,"column":4},"end":{"line":168,"column":38}},"54":{"start":{"line":169,"column":4},"end":{"line":169,"column":22}},"55":{"start":{"line":171,"column":2},"end":{"line":171,"column":14}},"56":{"start":{"line":175,"column":0},"end":{"line":179,"column":2}},"57":{"start":{"line":176,"column":2},"end":{"line":176,"column":78}},"58":{"start":{"line":176,"column":57},"end":{"line":176,"column":76}},"59":{"start":{"line":177,"column":2},"end":{"line":177,"column":20}},"60":{"start":{"line":178,"column":2},"end":{"line":178,"column":14}},"61":{"start":{"line":182,"column":0},"end":{"line":187,"column":3}},"62":{"start":{"line":183,"column":2},"end":{"line":185,"column":3}},"63":{"start":{"line":184,"column":4},"end":{"line":184,"column":56}},"64":{"start":{"line":186,"column":2},"end":{"line":186,"column":9}},"65":{"start":{"line":190,"column":0},"end":{"line":192,"column":2}},"66":{"start":{"line":191,"column":2},"end":{"line":191,"column":49}},"67":{"start":{"line":195,"column":0},"end":{"line":201,"column":2}},"68":{"start":{"line":196,"column":2},"end":{"line":200,"column":4}},"69":{"start":{"line":204,"column":0},"end":{"line":208,"column":2}},"70":{"start":{"line":205,"column":15},"end":{"line":205,"column":30}},"71":{"start":{"line":206,"column":2},"end":{"line":206,"column":23}},"72":{"start":{"line":207,"column":2},"end":{"line":207,"column":14}},"73":{"start":{"line":210,"column":13},"end":{"line":210,"column":47}},"74":{"start":{"line":212,"column":0},"end":{"line":212,"column":22}}},"fnMap":{"0":{"name":"(anonymous_0)","decl":{"start":{"line":64,"column":39},"end":{"line":64,"column":40}},"loc":{"start":{"line":64,"column":56},"end":{"line":109,"column":1}},"line":64},"1":{"name":"(anonymous_1)","decl":{"start":{"line":65,"column":25},"end":{"line":65,"column":26}},"loc":{"start":{"line":65,"column":44},"end":{"line":108,"column":3}},"line":65},"2":{"name":"(anonymous_2)","decl":{"start":{"line":78,"column":39},"end":{"line":78,"column":40}},"loc":{"start":{"line":78,"column":45},"end":{"line":78,"column":76}},"line":78},"3":{"name":"(anonymous_3)","decl":{"start":{"line":112,"column":31},"end":{"line":112,"column":32}},"loc":{"start":{"line":112,"column":56},"end":{"line":122,"column":1}},"line":112},"4":{"name":"(anonymous_4)","decl":{"start":{"line":113,"column":25},"end":{"line":113,"column":26}},"loc":{"start":{"line":113,"column":44},"end":{"line":121,"column":3}},"line":113},"5":{"name":"(anonymous_5)","decl":{"start":{"line":125,"column":34},"end":{"line":125,"column":35}},"loc":{"start":{"line":125,"column":59},"end":{"line":133,"column":1}},"line":125},"6":{"name":"(anonymous_6)","decl":{"start":{"line":126,"column":25},"end":{"line":126,"column":26}},"loc":{"start":{"line":126,"column":44},"end":{"line":132,"column":3}},"line":126},"7":{"name":"(anonymous_7)","decl":{"start":{"line":128,"column":39},"end":{"line":128,"column":40}},"loc":{"start":{"line":128,"column":45},"end":{"line":128,"column":65}},"line":128},"8":{"name":"(anonymous_8)","decl":{"start":{"line":136,"column":32},"end":{"line":136,"column":33}},"loc":{"start":{"line":136,"column":78},"end":{"line":147,"column":1}},"line":136},"9":{"name":"(anonymous_9)","decl":{"start":{"line":150,"column":36},"end":{"line":150,"column":37}},"loc":{"start":{"line":150,"column":60},"end":{"line":156,"column":1}},"line":150},"10":{"name":"(anonymous_10)","decl":{"start":{"line":159,"column":41},"end":{"line":159,"column":42}},"loc":{"start":{"line":159,"column":65},"end":{"line":163,"column":1}},"line":159},"11":{"name":"(anonymous_11)","decl":{"start":{"line":160,"column":51},"end":{"line":160,"column":52}},"loc":{"start":{"line":160,"column":57},"end":{"line":160,"column":76}},"line":160},"12":{"name":"(anonymous_12)","decl":{"start":{"line":166,"column":41},"end":{"line":166,"column":42}},"loc":{"start":{"line":166,"column":65},"end":{"line":172,"column":1}},"line":166},"13":{"name":"(anonymous_13)","decl":{"start":{"line":175,"column":46},"end":{"line":175,"column":47}},"loc":{"start":{"line":175,"column":70},"end":{"line":179,"column":1}},"line":175},"14":{"name":"(anonymous_14)","decl":{"start":{"line":176,"column":51},"end":{"line":176,"column":52}},"loc":{"start":{"line":176,"column":57},"end":{"line":176,"column":76}},"line":176},"15":{"name":"(anonymous_15)","decl":{"start":{"line":182,"column":23},"end":{"line":182,"column":24}},"loc":{"start":{"line":182,"column":44},"end":{"line":187,"column":1}},"line":182},"16":{"name":"(anonymous_16)","decl":{"start":{"line":190,"column":37},"end":{"line":190,"column":38}},"loc":{"start":{"line":190,"column":62},"end":{"line":192,"column":1}},"line":190},"17":{"name":"(anonymous_17)","decl":{"start":{"line":195,"column":39},"end":{"line":195,"column":40}},"loc":{"start":{"line":195,"column":50},"end":{"line":201,"column":1}},"line":195},"18":{"name":"(anonymous_18)","decl":{"start":{"line":204,"column":28},"end":{"line":204,"column":29}},"loc":{"start":{"line":204,"column":39},"end":{"line":208,"column":1}},"line":204}},"branchMap":{"0":{"loc":{"start":{"line":69,"column":4},"end":{"line":76,"column":5}},"type":"if","locations":[{"start":{"line":69,"column":4},"end":{"line":76,"column":5}},{"start":{},"end":{}}],"line":69},"1":{"loc":{"start":{"line":69,"column":8},"end":{"line":69,"column":50}},"type":"binary-expr","locations":[{"start":{"line":69,"column":8},"end":{"line":69,"column":21}},{"start":{"line":69,"column":25},"end":{"line":69,"column":50}}],"line":69},"2":{"loc":{"start":{"line":94,"column":4},"end":{"line":104,"column":5}},"type":"if","locations":[{"start":{"line":94,"column":4},"end":{"line":104,"column":5}},{"start":{"line":99,"column":11},"end":{"line":104,"column":5}}],"line":94},"3":{"loc":{"start":{"line":115,"column":4},"end":{"line":119,"column":5}},"type":"if","locations":[{"start":{"line":115,"column":4},"end":{"line":119,"column":5}},{"start":{},"end":{}}],"line":115},"4":{"loc":{"start":{"line":136,"column":47},"end":{"line":136,"column":76}},"type":"default-arg","locations":[{"start":{"line":136,"column":74},"end":{"line":136,"column":76}}],"line":136},"5":{"loc":{"start":{"line":136,"column":49},"end":{"line":136,"column":57}},"type":"default-arg","locations":[{"start":{"line":136,"column":56},"end":{"line":136,"column":57}}],"line":136},"6":{"loc":{"start":{"line":136,"column":59},"end":{"line":136,"column":69}},"type":"default-arg","locations":[{"start":{"line":136,"column":67},"end":{"line":136,"column":69}}],"line":136},"7":{"loc":{"start":{"line":151,"column":2},"end":{"line":154,"column":3}},"type":"if","locations":[{"start":{"line":151,"column":2},"end":{"line":154,"column":3}},{"start":{},"end":{}}],"line":151},"
[...]
t":{"line":125,"column":2},"end":{"line":125,"column":3}},"loc":{"start":{"line":125,"column":57},"end":{"line":179,"column":3}},"line":125},"5":{"name":"(anonymous_5)","decl":{"start":{"line":182,"column":2},"end":{"line":182,"column":3}},"loc":{"start":{"line":182,"column":66},"end":{"line":185,"column":3}},"line":182},"6":{"name":"(anonymous_6)","decl":{"start":{"line":183,"column":38},"end":{"line":183,"column":39}},"loc":{"start":{"line":183,"column":46},"end":{"line":183,"column":71}},"line":183}},"branchMap":{"0":{"loc":{"start":{"line":11,"column":4},"end":{"line":21,"column":5}},"type":"if","locations":[{"start":{"line":11,"column":4},"end":{"line":21,"column":5}},{"start":{},"end":{}}],"line":11},"1":{"loc":{"start":{"line":31,"column":6},"end":{"line":33,"column":7}},"type":"if","locations":[{"start":{"line":31,"column":6},"end":{"line":33,"column":7}},{"start":{},"end":{}}],"line":31},"2":{"loc":{"start":{"line":55,"column":4},"end":{"line":61,"column":5}},"type":"if","locations":[{"start":{"line":55,"column":4},"end":{"line":61,"column":5}},{"start":{},"end":{}}],"line":55},"3":{"loc":{"start":{"line":71,"column":6},"end":{"line":73,"column":7}},"type":"if","locations":[{"start":{"line":71,"column":6},"end":{"line":73,"column":7}},{"start":{},"end":{}}],"line":71},"4":{"loc":{"start":{"line":88,"column":4},"end":{"line":101,"column":5}},"type":"if","locations":[{"start":{"line":88,"column":4},"end":{"line":101,"column":5}},{"start":{},"end":{}}],"line":88},"5":{"loc":{"start":{"line":115,"column":6},"end":{"line":117,"column":7}},"type":"if","locations":[{"start":{"line":115,"column":6},"end":{"line":117,"column":7}},{"start":{},"end":{}}],"line":115},"6":{"loc":{"start":{"line":125,"column":31},"end":{"line":125,"column":44}},"type":"default-arg","locations":[{"start":{"line":125,"column":40},"end":{"line":125,"column":44}}],"line":125},"7":{"loc":{"start":{"line":125,"column":46},"end":{"line":125,"column":55}},"type":"default-arg","locations":[{"start":{"line":125,"column":53},"end":{"line":125,"column":55}}],"line":125},"8":{"loc":{"start":{"line":127,"column":4},"end":{"line":156,"column":5}},"type":"if","locations":[{"start":{"line":127,"column":4},"end":{"line":156,"column":5}},{"start":{},"end":{}}],"line":127},"9":{"loc":{"start":{"line":171,"column":6},"end":{"line":173,"column":7}},"type":"if","locations":[{"start":{"line":171,"column":6},"end":{"line":173,"column":7}},{"start":{},"end":{}}],"line":171},"10":{"loc":{"start":{"line":171,"column":10},"end":{"line":171,"column":82}},"type":"binary-expr","locations":[{"start":{"line":171,"column":10},"end":{"line":171,"column":39}},{"start":{"line":171,"column":43},"end":{"line":171,"column":82}}],"line":171},"11":{"loc":{"start":{"line":182,"column":51},"end":{"line":182,"column":64}},"type":"default-arg","locations":[{"start":{"line":182,"column":59},"end":{"line":182,"column":64}}],"line":182},"12":{"loc":{"start":{"line":184,"column":11},"end":{"line":184,"column":80}},"type":"cond-expr","locations":[{"start":{"line":184,"column":24},"end":{"line":184,"column":74}},{"start":{"line":184,"column":78},"end":{"line":184,"column":80}}],"line":184},"13":{"loc":{"start":{"line":184,"column":24},"end":{"line":184,"column":74}},"type":"cond-expr","locations":[{"start":{"line":184,"column":32},"end":{"line":184,"column":52}},{"start":{"line":184,"column":55},"end":{"line":184,"column":74}}],"line":184}},"s":{"0":4,"1":4,"2":4,"3":6,"4":4,"5":2,"6":2,"7":1,"8":1,"9":0,"10":0,"11":2,"12":0,"13":0,"14":0,"15":0,"16":0,"17":0,"18":0,"19":0,"20":0,"21":0,"22":0,"23":0,"24":0,"25":0,"26":0,"27":0,"28":0,"29":0,"30":0,"31":0,"32":0,"33":0,"34":0,"35":0,"36":0,"37":0,"38":0,"39":0,"40":4},"f":{"0":4,"1":6,"2":0,"3":0,"4":0,"5":0,"6":0},"b":{"0":[4,2],"1":[1,0],"2":[0,0],"3":[0,0],"4":[0,0],"5":[0,0],"6":[0],"7":[0],"8":[0,0],"9":[0,0],"10":[0,0],"11":[0],"12":[0,0],"13":[0,0]},"_coverageSchema":"1a1c01bbd47fc00a2c39e90264f33305004495a9","hash":"343c25ee3aa7963952f017016df05f3d2864cf2d"}
,"C:\\Users\\alqah\\CascadeProjects\\city-lifestyle-app\\backend\\src\\services\\place-service.js": {"path":"C:\\Users\\alqah\\CascadeProjects\\city-lifestyle-app\\backend\\src\\services\\place-service.js","statementMap":{"0":{"start":{"line":1,"column":14},"end":{"line":1,"column":40}},"1":{"start":{"line":5,"column":18},"end":{"line":8,"column":6}},"2":{"start":{"line":9,"column":4},"end":{"line":9,"column":30}},"3":{"start":{"line":13,"column":18},"end":{"line":13,"column":47}},"4":{"start":{"line":14,"column":4},"end":{"line":16,"column":5}},"5":{"start":{"line":15,"column":6},"end":{"line":15,"column":41}},"6":{"start":{"line":18,"column":4},"end":{"line":20,"column":5}},"7":{"start":{"line":19,"column":6},"end":{"line":19,"column":61}},"8":{"start":{"line":22,"column":4},"end":{"line":22,"column":37}},"9":{"start":{"line":23,"column":4},"end":{"line":23,"column":30}},"10":{"start":{"line":27,"column":4},"end":{"line":30,"column":31}},"11":{"start":{"line":34,"column":18},"end":{"line":34,"column":47}},"12":{"start":{"line":35,"column":4},"end":{"line":37,"column":5}},"13":{"start":{"line":36,"column":6},"end":{"line":36,"column":41}},"14":{"start":{"line":38,"column":4},"end":{"line":38,"column":17}},"15":{"start":{"line":42,"column":18},"end":{"line":42,"column":47}},"16":{"start":{"line":43,"column":4},"end":{"line":45,"column":5}},"17":{"start":{"line":44,"column":6},"end":{"line":44,"column":41}},"18":{"start":{"line":47,"column":4},"end":{"line":49,"column":5}},"19":{"start":{"line":48,"column":6},"end":{"line":48,"column":61}},"20":{"start":{"line":51,"column":4},"end":{"line":51,"column":28}},"21":{"start":{"line":52,"column":4},"end":{"line":52,"column":17}},"22":{"start":{"line":56,"column":0},"end":{"line":56,"column":34}}},"fnMap":{"0":{"name":"(anonymous_0)","decl":{"start":{"line":4,"column":2},"end":{"line":4,"column":3}},"loc":{"start":{"line":4,"column":39},"end":{"line":10,"column":3}},"line":4},"1":{"name":"(anonymous_1)","decl":{"start":{"line":12,"column":2},"end":{"line":12,"column":3}},"loc":{"start":{"line":12,"column":49},"end":{"line":24,"column":3}},"line":12},"2":{"name":"(anonymous_2)","decl":{"start":{"line":26,"column":2},"end":{"line":26,"column":3}},"loc":{"start":{"line":26,"column":46},"end":{"line":31,"column":3}},"line":26},"3":{"name":"(anonymous_3)","decl":{"start":{"line":33,"column":2},"end":{"line":33,"column":3}},"loc":{"start":{"line":33,"column":30},"end":{"line":39,"column":3}},"line":33},"4":{"name":"(anonymous_4)","decl":{"start":{"line":41,"column":2},"end":{"line":41,"column":3}},"loc":{"start":{"line":41,"column":37},"end":{"line":53,"column":3}},"line":41}},"branchMap":{"0":{"loc":{"start":{"line":14,"column":4},"end":{"line":16,"column":5}},"type":"if","locations":[{"start":{"line":14,"column":4},"end":{"line":16,"column":5}},{"start":{},"end":{}}],"line":14},"1":{"loc":{"start":{"line":18,"column":4},"end":{"line":20,"column":5}},"type":"if","locations":[{"start":{"line":18,"column":4},"end":{"line":20,"column":5}},{"start":{},"end":{}}],"line":18},"2":{"loc":{"start":{"line":26,"column":18},"end":{"line":26,"column":30}},"type":"default-arg","locations":[{"start":{"line":26,"column":28},"end":{"line":26,"column":30}}],"line":26},"3":{"loc":{"start":{"line":26,"column":32},"end":{"line":26,"column":44}},"type":"default-arg","locations":[{"start":{"line":26,"column":42},"end":{"line":26,"column":44}}],"line":26},"4":{"loc":{"start":{"line":28,"column":12},"end":{"line":28,"column":40}},"type":"binary-expr","locations":[{"start":{"line":28,"column":12},"end":{"line":28,"column":24}},{"start":{"line":28,"column":28},"end":{"line":28,"column":40}}],"line":28},"5":{"loc":{"start":{"line":29,"column":13},"end":{"line":29,"column":32}},"type":"binary-expr","locations":[{"start":{"line":29,"column":13},"end":{"line":29,"column":26}},{"start":{"line":29,"column":30},"end":{"line":29,"column":32}}],"line":29},"6":{"loc":{"start":{"line":30,"column":12},"end":{"line":30,"column":29}},"type":"binary-expr","locations":[{"start":{"line":30,"column":12},"end":{"line":30,"column":24}},{"start":{"line":30,"column":28},"end":{"line":30,"column":29}}],"line":30},"7":{"loc":{"start":{"line":35,"column":4},"end":{"line":37,"column":5}},"type":"if","locations":[{"start":{"line":35,"column":4},"end":{"line":37,"column":5}},{"start":{},"end":{}}],"line":35},"8":{"loc":{"start":{"line":43,"column":4},"end":{"line":45,"column":5}},"type":"if","locations":[{"start":{"line":43,"column":4},"end":{"line":45,"column":5}},{"start":{},"end":{}}],"line":43},"9":{"loc":{"start":{"line":47,"column":4},"end":{"line":49,"column":5}},"type":"if","locations":[{"start":{"line":47,"column":4},"end":{"line":49,"column":5}},{"start":{},"end":{}}],"line":47}},"s":{"0":1,"1":2,"2":2,"3":2,"4":2,"5":0,"6":2,"7":1,"8":1,"9":1,"10":2,"11":0,"12":0,"13":0,"14":0,"15":2,"16":2,"17":0,"18":2,"19":1,"20":1,"21":1,"22":1},"f":{"0":2,"1":2,"2":2,"3":0,"4":2},"b":{"0":[0,2],"1":[1,1],"2":[0],"3":[1],"4":[2,1],"5":[2,2],"6":[2,2],"7":[0,0],"8":[0,2],"9":[1,1]},"_coverageSchema":"1a1c01bbd47fc00a2c39e90264f33305004495a9","hash":"4a91db6b58e4d7566efadc3d6e7cb67e4d68c6ca"}
,"C:\\Users\\alqah\\CascadeProjects\\city-lifestyle-app\\backend\\src\\utils\\db.js": {"path":"C:\\Users\\alqah\\CascadeProjects\\city-lifestyle-app\\backend\\src\\utils\\db.js","statementMap":{"0":{"start":{"line":1,"column":17},"end":{"line":1,"column":36}},"1":{"start":{"line":5,"column":2},"end":{"line":16,"column":3}},"2":{"start":{"line":7,"column":4},"end":{"line":9,"column":5}},"3":{"start":{"line":8,"column":6},"end":{"line":8,"column":19}},"4":{"start":{"line":11,"column":20},"end":{"line":11,"column":49}},"5":{"start":{"line":12,"column":4},"end":{"line":12,"column":31}},"6":{"start":{"line":13,"column":4},"end":{"line":13,"column":16}},"7":{"start":{"line":15,"column":4},"end":{"line":15,"column":17}},"8":{"start":{"line":23,"column":2},"end":{"line":25,"column":3}},"9":{"start":{"line":24,"column":4},"end":{"line":24,"column":28}},"10":{"start":{"line":27,"column":18},"end":{"line":27,"column":47}},"11":{"start":{"line":30,"column":2},"end":{"line":49,"column":3}},"12":{"start":{"line":31,"column":33},"end":{"line":31,"column":63}},"13":{"start":{"line":33,"column":4},"end":{"line":40,"column":5}},"14":{"start":{"line":34,"column":6},"end":{"line":34,"column":33}},"15":{"start":{"line":35,"column":6},"end":{"line":35,"column":41}},"16":{"start":{"line":36,"column":6},"end":{"line":36,"column":40}},"17":{"start":{"line":39,"column":6},"end":{"line":39,"column":38}},"18":{"start":{"line":41,"column":4},"end":{"line":41,"column":18}},"19":{"start":{"line":43,"column":4},"end":{"line":45,"column":5}},"20":{"start":{"line":44,"column":6},"end":{"line":44,"column":39}},"21":{"start":{"line":46,"column":4},"end":{"line":46,"column":16}},"22":{"start":{"line":48,"column":4},"end":{"line":48,"column":31}},"23":{"start":{"line":52,"column":0},"end":{"line":55,"column":2}}},"fnMap":{"0":{"name":"isTransactionSupported","decl":{"start":{"line":4,"column":15},"end":{"line":4,"column":37}},"loc":{"start":{"line":4,"column":40},"end":{"line":17,"column":1}},"line":4},"1":{"name":"withTransaction","decl":{"start":{"line":20,"column":15},"end":{"line":20,"column":30}},"loc":{"start":{"line":20,"column":43},"end":{"line":50,"column":1}},"line":20}},"branchMap":{"0":{"loc":{"start":{"line":7,"column":4},"end":{"line":9,"column":5}},"type":"if","locations":[{"start":{"line":7,"column":4},"end":{"line":9,"column":5}},{"start":{},"end":{}}],"line":7},"1":{"loc":{"start":{"line":23,"column":2},"end":{"line":25,"column":3}},"type":"if","locations":[{"start":{"line":23,"column":2},"end":{"line":25,"column":3}},{"start":{},"end":{}}],"line":23},"2":{"loc":{"start":{"line":33,"column":4},"end":{"line":40,"column":5}},"type":"if","locations":[{"start":{"line":33,"column":4},"end":{"line":40,"column":5}},{"start":{"line":37,"column":11},"end":{"line":40,"column":5}}],"line":33},"3":{"loc":{"start":{"line":43,"column":4},"end":{"line":45,"column":5}},"type":"if","locations":[{"start":{"line":43,"column":4},"end":{"line":45,"column":5}},{"start":{},"end":{}}],"line":43}},"s":{"0":6,"1":0,"2":0,"3":0,"4":0,"5":0,"6":0,"7":0,"8":37,"9":37,"10":0,"11":0,"12":0,"13":0,"14":0,"15":0,"16":0,"17":0,"18":0,"19":0,"20":0,"21":0,"22":0,"23":6},"f":{"0":0,"1":37},"b":{"0":[0,0],"1":[37,0],"2":[0,0],"3":[0,0]},"_coverageSchema":"1a1c01bbd47fc00a2c39e90264f33305004495a9","hash":"74cde10396dc37195a40f4f480a8b08b7bc347b3"}
,"C:\\Users\\alqah\\CascadeProjects\\city-lifestyle-app\\backend\\src\\validations\\reviewValidation.js": {"path":"C:\\Users\\alqah\\CascadeProjects\\city-lifestyle-app\\backend\\src\\validations\\reviewValidation.js","statementMap":{"0":{"start":{"line":1,"column":12},"end":{"line":1,"column":26}},"1":{"start":{"line":3,"column":27},"end":{"line":7,"column":2}},"2":{"start":{"line":9,"column":27},"end":{"line":13,"column":2}},"3":{"start":{"line":15,"column":0},"end":{"line":18,"column":2}}},"fnMap":{},"branchMap":{},"s":{"0":3,"1":3,"2":3,"3":3},"f":{},"b":{},"_coverageSchema":"1a1c01bbd47fc00a2c39e90264f33305004495a9","hash":"98f6890e2d409a6199e4c493369bb3b424588418"}
,"C:\\Users\\alqah\\CascadeProjects\\city-lifestyle-app\\backend\\tests\\utils\\test-utils.js": {"path":"C:\\Users\\alqah\\CascadeProjects\\city-lifestyle-app\\backend\\tests\\utils\\test-utils.js","statementMap":{"0":{"start":{"line":1,"column":12},"end":{"line":1,"column":35}},"1":{"start":{"line":2,"column":17},"end":{"line":2,"column":36}},"2":{"start":{"line":3,"column":13},"end":{"line":3,"column":45}},"3":{"start":{"line":6,"column":24},"end":{"line":42,"column":1}},"4":{"start":{"line":9,"column":4},"end":{"line":18,"column":5}},"5":{"start":{"line":13,"column":6},"end":{"line":17,"column":10}},"6":{"start":{"line":19,"column":4},"end":{"line":19,"column":31}},"7":{"start":{"line":21,"column":46},"end":{"line":21,"column":67}},"8":{"start":{"line":22,"column":44},"end":{"line":39,"column":3}},"9":{"start":{"line":40,"column":48},"end":{"line":40,"column":84}},"10":{"start":{"line":41,"column":53},"end":{"line":41,"column":71}},"11":{"start":{"line":45,"column":22},"end":{"line":45,"column":51}},"12":{"start":{"line":46,"column":0},"end":{"line":54,"column":3}},"13":{"start":{"line":47,"column":2},"end":{"line":49,"column":3}},"14":{"start":{"line":48,"column":4},"end":{"line":48,"column":27}},"15":{"start":{"line":50,"column":2},"end":{"line":52,"column":3}},"16":{"start":{"line":51,"column":4},"end":{"line":51,"column":39}},"17":{"start":{"line":53,"column":2},"end":{"line":53,"column":29}},"18":{"start":{"line":61,"column":23},"end":{"line":89,"column":1}},"19":{"start":{"line":62,"column":22},"end":{"line":76,"column":3}},"20":{"start":{"line":78,"column":15},"end":{"line":78,"column":45}},"21":{"start":{"line":79,"column":16},"end":{"line":83,"column":3}},"22":{"start":{"line":85,"column":2},"end":{"line":88,"column":4}},"23":{"start":{"line":95,"column":25},"end":{"line":95,"column":71}},"24":{"start":{"line":95,"column":31},"end":{"line":95,"column":71}},"25":{"start":{"line":103,"column":25},"end":{"line":135,"column":1}},"26":{"start":{"line":104,"column":2},"end":{"line":134,"column":6}},"27":{"start":{"line":104,"column":54},"end":{"line":134,"column":3}},"28":{"start":{"line":142,"column":25},"end":{"line":149,"column":2}},"29":{"start":{"line":142,"column":47},"end":{"line":149,"column":1}},"30":{"start":{"line":151,"column":0},"end":{"line":157,"column":2}}},"fnMap":{"0":{"name":"(anonymous_0)","decl":{"start":{"line":7,"column":42},"end":{"line":7,"column":43}},"loc":{"start":{"line":7,"column":56},"end":{"line":20,"column":3}},"line":7},"1":{"name":"(anonymous_1)","decl":{"start":{"line":21,"column":40},"end":{"line":21,"column":41}},"loc":{"start":{"line":21,"column":46},"end":{"line":21,"column":67}},"line":21},"2":{"name":"(anonymous_2)","decl":{"start":{"line":22,"column":37},"end":{"line":22,"column":38}},"loc":{"start":{"line":22,"column":44},"end":{"line":39,"column":3}},"line":22},"3":{"name":"(anonymous_3)","decl":{"start":{"line":40,"column":42},"end":{"line":40,"column":43}},"loc":{"start":{"line":40,"column":48},"end":{"line":40,"column":84}},"line":40},"4":{"name":"(anonymous_4)","decl":{"start":{"line":41,"column":47},"end":{"line":41,"column":48}},"loc":{"start":{"line":41,"column":53},"end":{"line":41,"column":71}},"line":41},"5":{"name":"(anonymous_5)","decl":{"start":{"line":46,"column":25},"end":{"line":46,"column":26}},"loc":{"start":{"line":46,"column":43},"end":{"line":54,"column":1}},"line":46},"6":{"name":"(anonymous_6)","decl":{"start":{"line":61,"column":23},"end":{"line":61,"column":24}},"loc":{"start":{"line":61,"column":48},"end":{"line":89,"column":1}},"line":61},"7":{"name":"(anonymous_7)","decl":{"start":{"line":95,"column":25},"end":{"line":95,"column":26}},"loc":{"start":{"line":95,"column":31},"end":{"line":95,"column":71}},"line":95},"8":{"name":"(anonymous_8)","decl":{"start":{"line":103,"column":25},"end":{"line":103,"column":26}},"loc":{"start":{"line":103,"column":69},"end":{"line":135,"column":1}},"line":103},"9":{"name":"(anonymous_9)","decl":{"start":{"line":104,"column":39},"end":{"line":104,"column":40}},"loc":{"start":{"line":104,"column":54},"end":{"line":134,"column":3}},"line":104},"10":{"name":"(anonymous_10)","decl":{"start":{"line":142,"column":25},"end":{"line":142,"column":26}},"loc":{"start":{"line":142,"column":47},"end":{"line":149,"column":1}},"line":142}},"branchMap":{"0":{"loc":{"start":{"line":9,"column":4},"end":{"line":18,"column":5}},"type":"if","locations":[{"start":{"line":9,"column":4},"end":{"line":18,"column":5}},{"start":{},"end":{}}],"line":9},"1":{"loc":{"start":{"line":9,"column":8},"end":{"line":12,"column":40}},"type":"binary-expr","locations":[{"start":{"line":9,"column":8},"end":{"line":9,"column":29}},{"start":{"line":10,"column":8},"end":{"line":10,"column":26}},{"start":{"line":11,"column":8},"end":{"line":11,"column":26}},{"start":{"line":12,"column":8},"end":{"line":12,"column":40}}],"line":9},"2":{"loc":{"start":{"line":47,"column":2},"end":{"line":49,"column":3}},"type":"if","locations":[{"start":{"line":47,"column":2},"end":{"line":49,"column":3}},{"start":{},"end":{}}],"line":47},"3":{"loc":{"start":{"line":50,"column":2},"end":{"line":52,"column":3}},"type":"if","locations":[{"start":{"line":50,"column":2},"end":{"line":52,"column":3}},{"start":{},"end":{}}],"line":50},"4":{"loc":{"start":{"line":61,"column":30},"end":{"line":61,"column":43}},"type":"default-arg","locations":[{"start":{"line":61,"column":41},"end":{"line":61,"column":43}}],"line":61},"5":{"loc":{"start":{"line":81,"column":4},"end":{"line":81,"column":43}},"type":"binary-expr","locations":[{"start":{"line":81,"column":4},"end":{"line":81,"column":26}},{"start":{"line":81,"column":30},"end":{"line":81,"column":43}}],"line":81},"6":{"loc":{"start":{"line":103,"column":26},"end":{"line":103,"column":35}},"type":"default-arg","locations":[{"start":{"line":103,"column":34},"end":{"line":103,"column":35}}],"line":103},"7":{"loc":{"start":{"line":103,"column":37},"end":{"line":103,"column":64}},"type":"default-arg","locations":[{"start":{"line":103,"column":46},"end":{"line":103,"column":64}}],"line":103},"8":{"loc":{"start":{"line":142,"column":26},"end":{"line":142,"column":41}},"type":"default-arg","locations":[{"start":{"line":142,"column":39},"end":{"line":142,"column":41}}],"line":142}},"s":{"0":4,"1":4,"2":4,"3":4,"4":0,"5":0,"6":0,"7":0,"8":0,"9":0,"10":0,"11":4,"12":4,"13":0,"14":0,"15":0,"16":0,"17":0,"18":4,"19":46,"20":46,"21":46,"22":46,"23":4,"24":3,"25":4,"26":11,"27":11,"28":4,"29":0,"30":4},"f":{"0":0,"1":0,"2":0,"3":0,"4":0,"5":0,"6":46,"7":3,"8":11,"9":11,"10":0},"b":{"0":[0,0],"1":[0,0,0,0],"2":[0,0],"3":[0,0],"4":[35],"5":[46,0],"6":[0],"7":[0],"8":[0]},"_coverageSchema":"1a1c01bbd47fc00a2c39e90264f33305004495a9","hash":"ca50475137db860517018c8dbdb183e2f8094904"}
}
