TN:
SF:src\app.js
FN:30,(anonymous_0)
FN:31,(anonymous_1)
FN:41,(anonymous_2)
FNF:3
FNH:0
FNDA:0,(anonymous_0)
FNDA:0,(anonymous_1)
FNDA:0,(anonymous_2)
DA:1,3
DA:2,3
DA:3,3
DA:4,3
DA:5,3
DA:6,3
DA:7,3
DA:8,3
DA:9,3
DA:11,3
DA:13,3
DA:16,3
DA:17,3
DA:18,3
DA:19,3
DA:22,3
DA:25,3
DA:26,0
DA:30,0
DA:31,0
DA:35,3
DA:36,3
DA:37,3
DA:40,3
DA:41,3
DA:42,0
DA:43,0
DA:46,3
LF:28
LH:23
BRDA:25,0,0,0
BRDA:25,0,1,3
BRF:2
BRH:1
end_of_record
TN:
SF:src\controllers\authController.js
FN:5,(anonymous_0)
FN:12,(anonymous_1)
FN:59,(anonymous_2)
FN:92,(anonymous_3)
FN:104,(anonymous_4)
FN:107,(anonymous_5)
FN:118,(anonymous_6)
FNF:7
FNH:7
FNDA:2,(anonymous_0)
FNDA:2,(anonymous_1)
FNDA:3,(anonymous_2)
FNDA:1,(anonymous_3)
FNDA:2,(anonymous_4)
FNDA:3,(anonymous_5)
FNDA:2,(anonymous_6)
DA:1,3
DA:2,3
DA:5,3
DA:6,2
DA:12,3
DA:13,2
DA:14,2
DA:16,2
DA:17,0
DA:21,2
DA:22,2
DA:23,1
DA:27,1
DA:44,1
DA:46,1
DA:51,0
DA:52,0
DA:54,0
DA:59,3
DA:60,3
DA:61,3
DA:63,3
DA:64,0
DA:68,3
DA:69,3
DA:70,1
DA:74,2
DA:75,2
DA:76,1
DA:80,1
DA:82,1
DA:87,0
DA:92,3
DA:93,1
DA:94,1
DA:95,0
DA:97,1
DA:99,0
DA:104,3
DA:105,2
DA:106,2
DA:107,3
DA:109,2
DA:110,1
DA:113,1
DA:114,1
DA:115,0
DA:118,2
DA:119,1
DA:120,1
DA:122,0
DA:123,0
DA:125,0
DA:129,3
LF:54
LH:42
BRDA:16,0,0,0
BRDA:16,0,1,2
BRDA:16,1,0,2
BRDA:16,1,1,2
BRDA:16,1,2,2
BRDA:22,2,0,1
BRDA:22,2,1,1
BRDA:51,3,0,0
BRDA:51,3,1,0
BRDA:63,4,0,0
BRDA:63,4,1,3
BRDA:63,5,0,3
BRDA:63,5,1,3
BRDA:69,6,0,1
BRDA:69,6,1,2
BRDA:75,7,0,1
BRDA:75,7,1,1
BRDA:94,8,0,0
BRDA:94,8,1,1
BRDA:109,9,0,1
BRDA:109,9,1,1
BRDA:114,10,0,0
BRDA:114,10,1,1
BRDA:122,11,0,0
BRDA:122,11,1,0
BRF:25
BRH:17
end_of_record
TN:
SF:src\controllers\placeController.js
FN:6,(anonymous_0)
FN:84,(anonymous_1)
FN:90,(anonymous_2)
FN:97,(anonymous_3)
FN:128,(anonymous_4)
FN:150,(anonymous_5)
FN:165,(anonymous_6)
FN:197,(anonymous_7)
FN:215,(anonymous_8)
FN:237,(anonymous_9)
FN:261,(anonymous_10)
FN:272,(anonymous_11)
FN:286,(anonymous_12)
FNF:13
FNH:8
FNDA:3,(anonymous_0)
FNDA:0,(anonymous_1)
FNDA:3,(anonymous_2)
FNDA:3,(anonymous_3)
FNDA:2,(anonymous_4)
FNDA:3,(anonymous_5)
FNDA:15,(anonymous_6)
FNDA:5,(anonymous_7)
FNDA:3,(anonymous_8)
FNDA:0,(anonymous_9)
FNDA:0,(anonymous_10)
FNDA:0,(anonymous_11)
FNDA:0,(anonymous_12)
DA:1,3
DA:2,3
DA:3,3
DA:6,3
DA:7,3
DA:18,3
DA:20,3
DA:23,3
DA:24,1
DA:28,3
DA:29,1
DA:36,3
DA:37,0
DA:41,3
DA:42,0
DA:43,0
DA:55,3
DA:56,0
DA:57,0
DA:58,0
DA:60,0
DA:61,0
DA:62,0
DA:66,3
DA:67,3
DA:68,3
DA:69,0
DA:72,0
DA:75,3
DA:82,3
DA:83,0
DA:84,0
DA:85,0
DA:86,0
DA:90,3
DA:92,0
DA:97,3
DA:98,3
DA:99,3
DA:100,1
DA:103,2
DA:106,2
DA:107,1
DA:111,1
DA:112,1
DA:113,0
DA:114,0
DA:115,0
DA:118,1
DA:120,0
DA:121,0
DA:123,0
DA:128,3
DA:129,2
DA:131,2
DA:132,0
DA:133,0
DA:134,0
DA:137,2
DA:142,2
DA:143,1
DA:145,1
DA:150,3
DA:151,3
DA:152,3
DA:165,3
DA:166,15
DA:169,3
DA:170,0
DA:173,3
DA:174,3
DA:175,0
DA:179,3
DA:180,3
DA:181,3
DA:182,3
DA:185,3
DA:189,3
DA:190,1
DA:193,2
DA:194,1
DA:197,1
DA:198,5
DA:201,1
DA:202,1
DA:204,0
DA:205,0
DA:207,0
DA:208,0
DA:210,0
DA:215,3
DA:216,3
DA:217,3
DA:221,3
DA:222,1
DA:225,2
DA:226,1
DA:229,1
DA:230,1
DA:232,0
DA:237,3
DA:238,0
DA:239,0
DA:241,0
DA:242,0
DA:245,0
DA:246,0
DA:248,0
DA:249,0
DA:250,0
DA:252,0
DA:253,0
DA:256,0
DA:261,3
DA:262,0
DA:263,0
DA:264,0
DA:265,0
DA:267,0
DA:272,3
DA:273,0
DA:274,0
DA:275,0
DA:277,0
DA:282,0
DA:283,0
DA:286,3
DA:287,0
DA:290,3
LF:129
LH:72
BRDA:12,0,0,3
BRDA:15,1,0,3
BRDA:16,2,0,3
BRDA:17,3,0,3
BRDA:23,4,0,1
BRDA:23,4,1,2
BRDA:28,5,0,1
BRDA:28,5,1,2
BRDA:36,6,0,0
BRDA:36,6,1,3
BRDA:41,7,0,0
BRDA:41,7,1,3
BRDA:55,8,0,0
BRDA:55,8,1,3
BRDA:67,9,0,3
BRDA:67,9,1,0
BRDA:69,10,0,0
BRDA:69,10,1,0
BRDA:69,11,0,0
BRDA:69,11,1,0
BRDA:82,12,0,0
BRDA:82,12,1,3
BRDA:99,13,0,1
BRDA:99,13,1,2
BRDA:106,14,0,1
BRDA:106,14,1,1
BRDA:112,15,0,0
BRDA:112,15,1,1
BRDA:120,16,0,0
BRDA:120,16,1,0
BRDA:131,17,0,0
BRDA:131,17,1,2
BRDA:131,18,0,2
BRDA:131,18,1,2
BRDA:169,19,0,0
BRDA:169,19,1,3
BRDA:174,20,0,0
BRDA:174,20,1,3
BRDA:179,21,0,3
BRDA:179,21,1,0
BRDA:189,22,0,1
BRDA:189,22,1,2
BRDA:193,23,0,1
BRDA:193,23,1,1
BRDA:204,24,0,0
BRDA:204,24,1,0
BRDA:207,25,0,0
BRDA:207,25,1,0
BRDA:221,26,0,1
BRDA:221,26,1,2
BRDA:225,27,0,1
BRDA:225,27,1,1
BRDA:241,28,0,0
BRDA:241,28,1,0
BRDA:248,29,0,0
BRDA:248,29,1,0
BRF:56
BRH:32
end_of_record
TN:
SF:src\controllers\reviewController.js
FN:11,(anonymous_0)
FN:34,(anonymous_1)
FN:52,(anonymous_2)
FN:67,(anonymous_3)
FN:73,(anonymous_4)
FN:93,(anonymous_5)
FN:105,(anonymous_6)
FN:122,(anonymous_7)
FN:154,(anonymous_8)
FNF:9
FNH:9
FNDA:3,(anonymous_0)
FNDA:2,(anonymous_1)
FNDA:3,(anonymous_2)
FNDA:2,(anonymous_3)
FNDA:1,(anonymous_4)
FNDA:3,(anonymous_5)
FNDA:1,(anonymous_6)
FNDA:3,(anonymous_7)
FNDA:1,(anonymous_8)
DA:1,3
DA:2,3
DA:3,3
DA:4,3
DA:5,3
DA:6,3
DA:7,3
DA:12,3
DA:13,3
DA:14,3
DA:15,1
DA:19,2
DA:24,2
DA:25,0
DA:28,2
DA:34,2
DA:35,2
DA:36,2
DA:37,2
DA:40,0
DA:41,0
DA:43,0
DA:46,0
DA:47,0
DA:53,3
DA:54,3
DA:55,3
DA:56,1
DA:60,2
DA:61,1
DA:65,1
DA:66,1
DA:67,2
DA:69,1
DA:70,0
DA:73,1
DA:74,1
DA:75,1
DA:77,1
DA:78,1
DA:81,1
DA:82,1
DA:84,1
DA:87,0
DA:88,0
DA:94,3
DA:95,3
DA:96,3
DA:97,1
DA:101,2
DA:102,1
DA:105,1
DA:106,1
DA:107,1
DA:109,1
DA:110,1
DA:111,1
DA:113,1
DA:116,0
DA:117,0
DA:123,3
DA:124,3
DA:126,3
DA:127,0
DA:130,3
DA:131,3
DA:133,3
DA:139,3
DA:146,0
DA:147,0
DA:149,0
DA:155,1
DA:156,1
DA:157,1
DA:159,1
DA:160,1
DA:162,1
DA:168,1
DA:175,0
DA:176,0
DA:178,0
DA:183,3
LF:82
LH:64
BRDA:14,0,0,1
BRDA:14,0,1,2
BRDA:24,1,0,0
BRDA:24,1,1,2
BRDA:55,2,0,1
BRDA:55,2,1,2
BRDA:60,3,0,1
BRDA:60,3,1,1
BRDA:69,4,0,0
BRDA:69,4,1,1
BRDA:96,5,0,1
BRDA:96,5,1,2
BRDA:101,6,0,1
BRDA:101,6,1,1
BRDA:124,7,0,1
BRDA:124,8,0,1
BRDA:126,9,0,0
BRDA:126,9,1,3
BRDA:146,10,0,0
BRDA:146,10,1,0
BRDA:157,11,0,1
BRDA:157,12,0,1
BRDA:175,13,0,0
BRDA:175,13,1,0
BRF:24
BRH:17
end_of_record
TN:
SF:src\middleware\auth.js
FN:4,(anonymous_0)
FNF:1
FNH:1
FNDA:27,(anonymous_0)
DA:1,3
DA:2,3
DA:4,3
DA:5,27
DA:6,27
DA:8,27
DA:9,5
DA:12,22
DA:13,21
DA:15,21
DA:16,0
DA:19,21
DA:20,21
DA:21,21
DA:23,6
DA:27,3
LF:16
LH:15
BRDA:8,0,0,5
BRDA:8,0,1,22
BRDA:15,1,0,0
BRDA:15,1,1,21
BRF:4
BRH:3
end_of_record
TN:
SF:src\middleware\monitoring.js
FN:56,(anonymous_0)
FN:71,(anonymous_1)
FN:75,(anonymous_2)
FN:83,(anonymous_3)
FN:87,(anonymous_4)
FN:92,(anonymous_5)
FN:95,(anonymous_6)
FN:111,healthCheck
FN:115,(anonymous_8)
FN:115,(anonymous_9)
FN:119,(anonymous_10)
FN:119,(anonymous_11)
FNF:12
FNH:5
FNDA:41,(anonymous_0)
FNDA:0,(anonymous_1)
FNDA:0,(anonymous_2)
FNDA:0,(anonymous_3)
FNDA:0,(anonymous_4)
FNDA:0,(anonymous_5)
FNDA:0,(anonymous_6)
FNDA:4,healthCheck
FNDA:2,(anonymous_8)
FNDA:1,(anonymous_9)
FNDA:2,(anonymous_10)
FNDA:0,(anonymous_11)
DA:1,4
DA:2,4
DA:3,4
DA:4,4
DA:7,4
DA:8,4
DA:9,0
DA:13,4
DA:37,4
DA:38,4
DA:50,4
DA:58,41
DA:63,4
DA:71,4
DA:72,0
DA:75,4
DA:76,0
DA:83,4
DA:84,0
DA:87,4
DA:88,0
DA:92,4
DA:93,0
DA:95,0
DA:96,0
DA:97,0
DA:99,0
DA:107,0
DA:112,4
DA:114,4
DA:115,3
DA:118,3
DA:119,3
DA:122,3
DA:133,3
DA:144,3
DA:145,3
DA:148,1
DA:149,1
DA:158,4
LF:40
LH:29
BRDA:8,0,0,0
BRDA:8,0,1,4
BRDA:14,1,0,4
BRDA:14,1,1,4
BRDA:37,2,0,4
BRDA:37,2,1,0
BRDA:58,3,0,41
BRDA:58,3,1,41
BRDA:71,4,0,0
BRDA:75,5,0,0
BRDA:83,6,0,0
BRDA:87,7,0,0
BRDA:115,8,0,3
BRDA:115,8,1,3
BRDA:119,9,0,2
BRDA:119,9,1,1
BRDA:134,10,0,2
BRDA:134,10,1,1
BRDA:134,11,0,3
BRDA:134,11,1,2
BRDA:137,12,0,2
BRDA:137,12,1,1
BRDA:138,13,0,3
BRDA:138,13,1,0
BRDA:144,14,0,2
BRDA:144,14,1,1
BRF:26
BRH:19
end_of_record
TN:
SF:src\middleware\validate.js
FN:1,(anonymous_0)
FN:2,(anonymous_1)
FNF:2
FNH:2
FNDA:12,(anonymous_0)
FNDA:12,(anonymous_1)
DA:1,4
DA:2,12
DA:3,12
DA:6,12
DA:7,3
DA:8,3
DA:9,2
DA:14,12
DA:15,1
DA:16,1
DA:17,0
DA:22,12
DA:23,2
DA:24,2
DA:25,1
DA:30,12
DA:31,3
DA:36,9
DA:40,4
LF:19
LH:18
BRDA:6,0,0,3
BRDA:6,0,1,9
BRDA:8,1,0,2
BRDA:8,1,1,1
BRDA:14,2,0,1
BRDA:14,2,1,11
BRDA:16,3,0,0
BRDA:16,3,1,1
BRDA:22,4,0,2
BRDA:22,4,1,10
BRDA:24,5,0,1
BRDA:24,5,1,1
BRDA:30,6,0,3
BRDA:30,6,1,9
BRF:14
BRH:13
end_of_record
TN:
SF:src\models\place.js
FN:93,(anonymous_0)
FN:96,(anonymous_1)
FN:109,(anonymous_2)
FN:132,(anonymous_3)
FN:135,(anonymous_4)
FN:148,(anonymous_5)
FN:151,(anonymous_6)
FN:154,(anonymous_7)
FNF:8
FNH:7
FNDA:4,(anonymous_0)
FNDA:4,(anonymous_1)
FNDA:2,(anonymous_2)
FNDA:2,(anonymous_3)
FNDA:2,(anonymous_4)
FNDA:1,(anonymous_5)
FNDA:1,(anonymous_6)
FNDA:0,(anonymous_7)
DA:1,5
DA:2,5
DA:3,5
DA:5,5
DA:93,5
DA:94,4
DA:96,4
DA:98,4
DA:100,4
DA:101,2
DA:102,2
DA:103,2
DA:106,2
DA:109,2
DA:120,2
DA:121,2
DA:123,0
DA:126,2
DA:127,2
DA:132,5
DA:133,2
DA:135,2
DA:137,2
DA:138,2
DA:139,2
DA:140,2
DA:141,2
DA:143,2
DA:148,5
DA:149,1
DA:151,1
DA:153,1
DA:154,1
DA:155,1
DA:156,1
DA:157,1
DA:162,5
DA:164,5
DA:166,5
LF:39
LH:38
BRDA:100,0,0,2
BRDA:100,0,1,2
BRDA:100,1,0,4
BRDA:100,1,1,4
BRDA:120,2,0,2
BRDA:120,2,1,0
BRDA:138,3,0,2
BRDA:138,3,1,0
BRF:8
BRH:6
end_of_record
TN:
SF:src\models\review.js
FN:102,(anonymous_0)
FN:107,(anonymous_1)
FN:114,(anonymous_2)
FN:115,(anonymous_3)
FN:119,(anonymous_4)
FN:124,(anonymous_5)
FN:125,(anonymous_6)
FN:131,(anonymous_7)
FN:132,(anonymous_8)
FN:139,(anonymous_9)
FN:153,(anonymous_10)
FNF:11
FNH:5
FNDA:0,(anonymous_0)
FNDA:1,(anonymous_1)
FNDA:1,(anonymous_2)
FNDA:1,(anonymous_3)
FNDA:1,(anonymous_4)
FNDA:0,(anonymous_5)
FNDA:0,(anonymous_6)
FNDA:0,(anonymous_7)
FNDA:0,(anonymous_8)
FNDA:2,(anonymous_9)
FNDA:0,(anonymous_10)
DA:1,6
DA:3,6
DA:96,6
DA:97,6
DA:98,6
DA:99,6
DA:102,6
DA:103,0
DA:107,6
DA:108,1
DA:109,1
DA:110,1
DA:114,6
DA:115,1
DA:116,1
DA:119,6
DA:120,1
DA:121,1
DA:124,6
DA:125,0
DA:126,0
DA:127,0
DA:131,6
DA:132,0
DA:133,0
DA:134,0
DA:139,6
DA:140,2
DA:150,2
DA:153,6
DA:154,0
DA:164,6
DA:166,6
LF:33
LH:25
BRDA:108,0,0,1
BRDA:108,0,1,0
BRDA:125,1,0,0
BRDA:125,1,1,0
BRDA:132,2,0,0
BRDA:132,2,1,0
BRDA:150,3,0,2
BRDA:150,3,1,0
BRDA:153,4,0,0
BRF:9
BRH:2
end_of_record
TN:
SF:src\models\user.js
FN:64,(anonymous_0)
FN:65,(anonymous_1)
FN:78,(anonymous_2)
FN:112,(anonymous_3)
FN:113,(anonymous_4)
FN:125,(anonymous_5)
FN:126,(anonymous_6)
FN:128,(anonymous_7)
FN:136,(anonymous_8)
FN:150,(anonymous_9)
FN:159,(anonymous_10)
FN:160,(anonymous_11)
FN:166,(anonymous_12)
FN:175,(anonymous_13)
FN:176,(anonymous_14)
FN:182,(anonymous_15)
FN:190,(anonymous_16)
FN:195,(anonymous_17)
FN:204,(anonymous_18)
FNF:19
FNH:16
FNDA:12,(anonymous_0)
FNDA:12,(anonymous_1)
FNDA:10,(anonymous_2)
FNDA:13,(anonymous_3)
FNDA:13,(anonymous_4)
FNDA:1,(anonymous_5)
FNDA:1,(anonymous_6)
FNDA:0,(anonymous_7)
FNDA:0,(anonymous_8)
FNDA:2,(anonymous_9)
FNDA:1,(anonymous_10)
FNDA:1,(anonymous_11)
FNDA:2,(anonymous_12)
FNDA:1,(anonymous_13)
FNDA:1,(anonymous_14)
FNDA:72,(anonymous_15)
FNDA:5,(anonymous_16)
FNDA:0,(anonymous_17)
FNDA:9,(anonymous_18)
DA:1,5
DA:2,5
DA:3,5
DA:4,5
DA:6,5
DA:64,5
DA:65,12
DA:66,12
DA:67,6
DA:69,5
DA:70,1
DA:74,1
DA:75,1
DA:78,10
DA:79,4
DA:94,0
DA:95,0
DA:100,0
DA:106,0
DA:107,0
DA:112,5
DA:113,13
DA:114,13
DA:115,11
DA:116,11
DA:117,11
DA:118,11
DA:120,0
DA:125,5
DA:126,1
DA:127,1
DA:128,1
DA:129,1
DA:130,1
DA:131,1
DA:136,5
DA:137,0
DA:138,0
DA:146,0
DA:150,5
DA:151,2
DA:152,1
DA:153,1
DA:155,2
DA:159,5
DA:160,1
DA:161,1
DA:162,1
DA:166,5
DA:167,2
DA:168,1
DA:169,1
DA:171,2
DA:175,5
DA:176,1
DA:177,1
DA:178,1
DA:182,5
DA:183,72
DA:184,54
DA:186,72
DA:190,5
DA:191,5
DA:195,5
DA:196,0
DA:204,5
DA:205,9
DA:206,9
DA:207,9
DA:210,5
DA:212,5
LF:71
LH:61
BRDA:69,0,0,1
BRDA:69,0,1,4
BRDA:69,1,0,5
BRDA:69,1,1,5
BRDA:94,2,0,0
BRDA:94,2,1,0
BRDA:115,3,0,11
BRDA:115,3,1,0
BRDA:136,4,0,0
BRDA:136,5,0,0
BRDA:136,6,0,0
BRDA:151,7,0,1
BRDA:151,7,1,1
BRDA:167,8,0,1
BRDA:167,8,1,1
BRDA:183,9,0,54
BRDA:183,9,1,18
BRF:17
BRH:11
end_of_record
TN:
SF:src\routes\authRoutes.js
FNF:0
FNH:0
DA:1,3
DA:2,3
DA:3,3
DA:5,3
DA:8,3
DA:9,3
DA:12,3
DA:13,3
DA:15,3
LF:9
LH:9
BRF:0
BRH:0
end_of_record
TN:
SF:src\routes\placeRoutes.js
FNF:0
FNH:0
DA:1,3
DA:10,3
DA:11,3
DA:13,3
DA:117,3
DA:159,3
DA:187,3
DA:244,3
DA:284,3
DA:312,3
DA:347,3
DA:349,3
LF:12
LH:12
BRF:0
BRH:0
end_of_record
TN:
SF:src\routes\reviewRoutes.js
FNF:0
FNH:0
DA:1,3
DA:2,3
DA:3,3
DA:4,3
DA:5,3
DA:7,3
DA:10,3
DA:13,3
DA:16,3
DA:19,3
DA:22,3
DA:24,3
LF:12
LH:12
BRF:0
BRH:0
end_of_record
TN:
SF:src\services\geocodingService.js
FN:4,(anonymous_0)
FN:9,(anonymous_1)
FN:53,(anonymous_2)
FN:86,(anonymous_3)
FN:125,(anonymous_4)
FN:182,(anonymous_5)
FN:183,(anonymous_6)
FNF:7
FNH:2
FNDA:4,(anonymous_0)
FNDA:6,(anonymous_1)
FNDA:0,(anonymous_2)
FNDA:0,(anonymous_3)
FNDA:0,(anonymous_4)
FNDA:0,(anonymous_5)
FNDA:0,(anonymous_6)
DA:1,4
DA:5,4
DA:6,4
DA:11,6
DA:12,4
DA:23,2
DA:24,2
DA:31,1
DA:32,1
DA:35,0
DA:36,0
DA:49,2
DA:55,0
DA:56,0
DA:63,0
DA:64,0
DA:71,0
DA:72,0
DA:75,0
DA:76,0
DA:82,0
DA:88,0
DA:89,0
DA:103,0
DA:104,0
DA:115,0
DA:116,0
DA:119,0
DA:121,0
DA:127,0
DA:128,0
DA:158,0
DA:159,0
DA:171,0
DA:172,0
DA:175,0
DA:177,0
DA:183,0
DA:184,0
DA:188,4
LF:40
LH:11
BRDA:11,0,0,4
BRDA:11,0,1,2
BRDA:31,1,0,1
BRDA:31,1,1,0
BRDA:55,2,0,0
BRDA:55,2,1,0
BRDA:71,3,0,0
BRDA:71,3,1,0
BRDA:88,4,0,0
BRDA:88,4,1,0
BRDA:115,5,0,0
BRDA:115,5,1,0
BRDA:125,6,0,0
BRDA:125,7,0,0
BRDA:127,8,0,0
BRDA:127,8,1,0
BRDA:171,9,0,0
BRDA:171,9,1,0
BRDA:171,10,0,0
BRDA:171,10,1,0
BRDA:182,11,0,0
BRDA:184,12,0,0
BRDA:184,12,1,0
BRDA:184,13,0,0
BRDA:184,13,1,0
BRF:25
BRH:3
end_of_record
TN:
SF:src\services\place-service.js
FN:4,(anonymous_0)
FN:12,(anonymous_1)
FN:26,(anonymous_2)
FN:33,(anonymous_3)
FN:41,(anonymous_4)
FNF:5
FNH:4
FNDA:2,(anonymous_0)
FNDA:2,(anonymous_1)
FNDA:2,(anonymous_2)
FNDA:0,(anonymous_3)
FNDA:2,(anonymous_4)
DA:1,1
DA:5,2
DA:9,2
DA:13,2
DA:14,2
DA:15,0
DA:18,2
DA:19,1
DA:22,1
DA:23,1
DA:27,2
DA:34,0
DA:35,0
DA:36,0
DA:38,0
DA:42,2
DA:43,2
DA:44,0
DA:47,2
DA:48,1
DA:51,1
DA:52,1
DA:56,1
LF:23
LH:17
BRDA:14,0,0,0
BRDA:14,0,1,2
BRDA:18,1,0,1
BRDA:18,1,1,1
BRDA:26,2,0,0
BRDA:26,3,0,1
BRDA:28,4,0,2
BRDA:28,4,1,1
BRDA:29,5,0,2
BRDA:29,5,1,2
BRDA:30,6,0,2
BRDA:30,6,1,2
BRDA:35,7,0,0
BRDA:35,7,1,0
BRDA:43,8,0,0
BRDA:43,8,1,2
BRDA:47,9,0,1
BRDA:47,9,1,1
BRF:18
BRH:13
end_of_record
TN:
SF:src\utils\db.js
FN:4,isTransactionSupported
FN:20,withTransaction
FNF:2
FNH:1
FNDA:0,isTransactionSupported
FNDA:37,withTransaction
DA:1,6
DA:5,0
DA:7,0
DA:8,0
DA:11,0
DA:12,0
DA:13,0
DA:15,0
DA:23,37
DA:24,37
DA:27,0
DA:30,0
DA:31,0
DA:33,0
DA:34,0
DA:35,0
DA:36,0
DA:39,0
DA:41,0
DA:43,0
DA:44,0
DA:46,0
DA:48,0
DA:52,6
LF:24
LH:4
BRDA:7,0,0,0
BRDA:7,0,1,0
BRDA:23,1,0,37
BRDA:23,1,1,0
BRDA:33,2,0,0
BRDA:33,2,1,0
BRDA:43,3,0,0
BRDA:43,3,1,0
BRF:8
BRH:1
end_of_record
TN:
SF:src\validations\reviewValidation.js
FNF:0
FNH:0
DA:1,3
DA:3,3
DA:9,3
DA:15,3
LF:4
LH:4
BRF:0
BRH:0
end_of_record
TN:
SF:tests\utils\test-utils.js
FN:7,(anonymous_0)
FN:21,(anonymous_1)
FN:22,(anonymous_2)
FN:40,(anonymous_3)
FN:41,(anonymous_4)
FN:46,(anonymous_5)
FN:61,(anonymous_6)
FN:95,(anonymous_7)
FN:103,(anonymous_8)
FN:104,(anonymous_9)
FN:142,(anonymous_10)
FNF:11
FNH:4
FNDA:0,(anonymous_0)
FNDA:0,(anonymous_1)
FNDA:0,(anonymous_2)
FNDA:0,(anonymous_3)
FNDA:0,(anonymous_4)
FNDA:0,(anonymous_5)
FNDA:46,(anonymous_6)
FNDA:3,(anonymous_7)
FNDA:11,(anonymous_8)
FNDA:11,(anonymous_9)
FNDA:0,(anonymous_10)
DA:1,4
DA:2,4
DA:3,4
DA:6,4
DA:9,0
DA:13,0
DA:19,0
DA:21,0
DA:22,0
DA:40,0
DA:41,0
DA:45,4
DA:46,4
DA:47,0
DA:48,0
DA:50,0
DA:51,0
DA:53,0
DA:61,4
DA:62,46
DA:78,46
DA:79,46
DA:85,46
DA:95,4
DA:103,4
DA:104,11
DA:142,4
DA:151,4
LF:28
LH:16
BRDA:9,0,0,0
BRDA:9,0,1,0
BRDA:9,1,0,0
BRDA:9,1,1,0
BRDA:9,1,2,0
BRDA:9,1,3,0
BRDA:47,2,0,0
BRDA:47,2,1,0
BRDA:50,3,0,0
BRDA:50,3,1,0
BRDA:61,4,0,35
BRDA:81,5,0,46
BRDA:81,5,1,0
BRDA:103,6,0,0
BRDA:103,7,0,0
BRDA:142,8,0,0
BRF:16
BRH:2
end_of_record
